Classic Timing Analyzer report for mux3_1
Tue Nov 29 22:23:24 2022
Quartus II Version 9.0 Build 184 04/29/2009 Service Pack 1 SJ Web Edition


---------------------
; Table of Contents ;
---------------------
  1. Legal Notice
  2. Timing Analyzer Summary
  3. Timing Analyzer Settings
  4. Parallel Compilation
  5. tpd
  6. Timing Analyzer Messages



----------------
; Legal Notice ;
----------------
Copyright (C) 1991-2009 Altera Corporation
Your use of Altera Corporation's design tools, logic functions 
and other software and tools, and its AMPP partner logic 
functions, and any output files from any of the foregoing 
(including device programming or simulation files), and any 
associated documentation or information are expressly subject 
to the terms and conditions of the Altera Program License 
Subscription Agreement, Altera MegaCore Function License 
Agreement, or other applicable license agreement, including, 
without limitation, that your use is for the sole purpose of 
programming logic devices manufactured by Altera and sold by 
Altera or its authorized distributors.  Please refer to the 
applicable agreement for further details.



+-------------------------------------------------------------------------------------------------------------------------+
; Timing Analyzer Summary                                                                                                 ;
+------------------------------+-------+---------------+-------------+------+------+------------+----------+--------------+
; Type                         ; Slack ; Required Time ; Actual Time ; From ; To   ; From Clock ; To Clock ; Failed Paths ;
+------------------------------+-------+---------------+-------------+------+------+------------+----------+--------------+
; Worst-case tpd               ; N/A   ; None          ; 15.082 ns   ; c[6] ; y[6] ; --         ; --       ; 0            ;
; Total number of failed paths ;       ;               ;             ;      ;      ;            ;          ; 0            ;
+------------------------------+-------+---------------+-------------+------+------+------------+----------+--------------+


+--------------------------------------------------------------------------------------------------------------------+
; Timing Analyzer Settings                                                                                           ;
+---------------------------------------------------------------------+--------------------+------+----+-------------+
; Option                                                              ; Setting            ; From ; To ; Entity Name ;
+---------------------------------------------------------------------+--------------------+------+----+-------------+
; Device Name                                                         ; EP2C5T144C8        ;      ;    ;             ;
; Timing Models                                                       ; Final              ;      ;    ;             ;
; Default hold multicycle                                             ; Same as Multicycle ;      ;    ;             ;
; Cut paths between unrelated clock domains                           ; On                 ;      ;    ;             ;
; Cut off read during write signal paths                              ; On                 ;      ;    ;             ;
; Cut off feedback from I/O pins                                      ; On                 ;      ;    ;             ;
; Report Combined Fast/Slow Timing                                    ; Off                ;      ;    ;             ;
; Ignore Clock Settings                                               ; Off                ;      ;    ;             ;
; Analyze latches as synchronous elements                             ; On                 ;      ;    ;             ;
; Enable Recovery/Removal analysis                                    ; Off                ;      ;    ;             ;
; Enable Clock Latency                                                ; Off                ;      ;    ;             ;
; Use TimeQuest Timing Analyzer                                       ; Off                ;      ;    ;             ;
; Minimum Core Junction Temperature                                   ; 0                  ;      ;    ;             ;
; Maximum Core Junction Temperature                                   ; 85                 ;      ;    ;             ;
; Number of source nodes to report per destination node               ; 10                 ;      ;    ;             ;
; Number of destination nodes to report                               ; 10                 ;      ;    ;             ;
; Number of paths to report                                           ; 200                ;      ;    ;             ;
; Report Minimum Timing Checks                                        ; Off                ;      ;    ;             ;
; Use Fast Timing Models                                              ; Off                ;      ;    ;             ;
; Report IO Paths Separately                                          ; Off                ;      ;    ;             ;
; Perform Multicorner Analysis                                        ; On                 ;      ;    ;             ;
; Reports the worst-case path for each clock domain and analysis      ; Off                ;      ;    ;             ;
; Removes common clock path pessimism (CCPP) during slack computation ; Off                ;      ;    ;             ;
; Output I/O Timing Endpoint                                          ; Near End           ;      ;    ;             ;
+---------------------------------------------------------------------+--------------------+------+----+-------------+


Parallel compilation was disabled, but you have multiple processors available. Enable parallel compilation to reduce compilation time.
+-------------------------------------+
; Parallel Compilation                ;
+----------------------------+--------+
; Processors                 ; Number ;
+----------------------------+--------+
; Number detected on machine ; 4      ;
; Maximum allowed            ; 1      ;
+----------------------------+--------+


+--------------------------------------------------------------+
; tpd                                                          ;
+-------+-------------------+-----------------+---------+------+
; Slack ; Required P2P Time ; Actual P2P Time ; From    ; To   ;
+-------+-------------------+-----------------+---------+------+
; N/A   ; None              ; 15.082 ns       ; c[6]    ; y[6] ;
; N/A   ; None              ; 15.027 ns       ; a[6]    ; y[6] ;
; N/A   ; None              ; 13.820 ns       ; a[7]    ; y[7] ;
; N/A   ; None              ; 13.595 ns       ; madd[0] ; y[3] ;
; N/A   ; None              ; 13.437 ns       ; madd[0] ; y[7] ;
; N/A   ; None              ; 13.254 ns       ; c[7]    ; y[7] ;
; N/A   ; None              ; 13.191 ns       ; c[3]    ; y[3] ;
; N/A   ; None              ; 13.104 ns       ; a[5]    ; y[5] ;
; N/A   ; None              ; 13.101 ns       ; madd[0] ; y[6] ;
; N/A   ; None              ; 13.046 ns       ; madd[0] ; y[0] ;
; N/A   ; None              ; 13.030 ns       ; madd[0] ; y[5] ;
; N/A   ; None              ; 12.962 ns       ; c[5]    ; y[5] ;
; N/A   ; None              ; 12.852 ns       ; b[7]    ; y[7] ;
; N/A   ; None              ; 12.840 ns       ; c[2]    ; y[2] ;
; N/A   ; None              ; 12.737 ns       ; madd[0] ; y[1] ;
; N/A   ; None              ; 12.721 ns       ; madd[0] ; y[4] ;
; N/A   ; None              ; 12.714 ns       ; a[1]    ; y[1] ;
; N/A   ; None              ; 12.695 ns       ; b[5]    ; y[5] ;
; N/A   ; None              ; 12.674 ns       ; a[2]    ; y[2] ;
; N/A   ; None              ; 12.403 ns       ; a[4]    ; y[4] ;
; N/A   ; None              ; 12.388 ns       ; a[3]    ; y[3] ;
; N/A   ; None              ; 12.330 ns       ; b[3]    ; y[3] ;
; N/A   ; None              ; 12.313 ns       ; madd[0] ; y[2] ;
; N/A   ; None              ; 12.007 ns       ; b[4]    ; y[4] ;
; N/A   ; None              ; 11.875 ns       ; b[6]    ; y[6] ;
; N/A   ; None              ; 11.758 ns       ; c[4]    ; y[4] ;
; N/A   ; None              ; 11.689 ns       ; b[1]    ; y[1] ;
; N/A   ; None              ; 11.080 ns       ; c[1]    ; y[1] ;
; N/A   ; None              ; 10.581 ns       ; b[2]    ; y[2] ;
; N/A   ; None              ; 10.105 ns       ; madd[1] ; y[6] ;
; N/A   ; None              ; 9.077 ns        ; madd[1] ; y[3] ;
; N/A   ; None              ; 8.914 ns        ; madd[1] ; y[7] ;
; N/A   ; None              ; 8.489 ns        ; a[0]    ; y[0] ;
; N/A   ; None              ; 8.474 ns        ; madd[1] ; y[5] ;
; N/A   ; None              ; 8.420 ns        ; c[0]    ; y[0] ;
; N/A   ; None              ; 8.105 ns        ; madd[1] ; y[0] ;
; N/A   ; None              ; 7.852 ns        ; madd[1] ; y[2] ;
; N/A   ; None              ; 7.836 ns        ; b[0]    ; y[0] ;
; N/A   ; None              ; 7.772 ns        ; madd[1] ; y[4] ;
; N/A   ; None              ; 7.765 ns        ; madd[1] ; y[1] ;
+-------+-------------------+-----------------+---------+------+


+--------------------------+
; Timing Analyzer Messages ;
+--------------------------+
Info: *******************************************************************
Info: Running Quartus II Classic Timing Analyzer
    Info: Version 9.0 Build 184 04/29/2009 Service Pack 1 SJ Web Edition
    Info: Processing started: Tue Nov 29 22:23:24 2022
Info: Command: quartus_tan --read_settings_files=off --write_settings_files=off mux3_1 -c mux3_1 --timing_analysis_only
Info: Longest tpd from source pin "c[6]" to destination pin "y[6]" is 15.082 ns
    Info: 1: + IC(0.000 ns) + CELL(0.934 ns) = 0.934 ns; Loc. = PIN_57; Fanout = 1; PIN Node = 'c[6]'
    Info: 2: + IC(6.564 ns) + CELL(0.651 ns) = 8.149 ns; Loc. = LCCOMB_X8_Y8_N8; Fanout = 1; COMB Node = 'Mux6~1'
    Info: 3: + IC(1.831 ns) + CELL(0.624 ns) = 10.604 ns; Loc. = LCCOMB_X1_Y11_N2; Fanout = 1; COMB Node = 'Mux6~2'
    Info: 4: + IC(1.242 ns) + CELL(3.236 ns) = 15.082 ns; Loc. = PIN_136; Fanout = 0; PIN Node = 'y[6]'
    Info: Total cell delay = 5.445 ns ( 36.10 % )
    Info: Total interconnect delay = 9.637 ns ( 63.90 % )
Info: Quartus II Classic Timing Analyzer was successful. 0 errors, 0 warnings
    Info: Peak virtual memory: 189 megabytes
    Info: Processing ended: Tue Nov 29 22:23:24 2022
    Info: Elapsed time: 00:00:00
    Info: Total CPU time (on all processors): 00:00:00


