Classic Timing Analyzer report for decoder2_3
Mon Mar 09 15:59:45 2020
Quartus II Version 9.0 Build 184 04/29/2009 Service Pack 1 SJ Web Edition


---------------------
; Table of Contents ;
---------------------
  1. Legal Notice
  2. Timing Analyzer Summary
  3. Timing Analyzer Settings
  4. Parallel Compilation
  5. tpd
  6. Timing Analyzer Messages



----------------
; Legal Notice ;
----------------
Copyright (C) 1991-2009 Altera Corporation
Your use of Altera Corporation's design tools, logic functions 
and other software and tools, and its AMPP partner logic 
functions, and any output files from any of the foregoing 
(including device programming or simulation files), and any 
associated documentation or information are expressly subject 
to the terms and conditions of the Altera Program License 
Subscription Agreement, Altera MegaCore Function License 
Agreement, or other applicable license agreement, including, 
without limitation, that your use is for the sole purpose of 
programming logic devices manufactured by Altera and sold by 
Altera or its authorized distributors.  Please refer to the 
applicable agreement for further details.



+------------------------------------------------------------------------------------------------------------------------------+
; Timing Analyzer Summary                                                                                                      ;
+------------------------------+-------+---------------+-------------+---------+--------+------------+----------+--------------+
; Type                         ; Slack ; Required Time ; Actual Time ; From    ; To     ; From Clock ; To Clock ; Failed Paths ;
+------------------------------+-------+---------------+-------------+---------+--------+------------+----------+--------------+
; Worst-case tpd               ; N/A   ; None          ; 11.655 ns   ; data[1] ; seg[1] ; --         ; --       ; 0            ;
; Total number of failed paths ;       ;               ;             ;         ;        ;            ;          ; 0            ;
+------------------------------+-------+---------------+-------------+---------+--------+------------+----------+--------------+


+--------------------------------------------------------------------------------------------------------------------+
; Timing Analyzer Settings                                                                                           ;
+---------------------------------------------------------------------+--------------------+------+----+-------------+
; Option                                                              ; Setting            ; From ; To ; Entity Name ;
+---------------------------------------------------------------------+--------------------+------+----+-------------+
; Device Name                                                         ; EP2C5T144C8        ;      ;    ;             ;
; Timing Models                                                       ; Final              ;      ;    ;             ;
; Default hold multicycle                                             ; Same as Multicycle ;      ;    ;             ;
; Cut paths between unrelated clock domains                           ; On                 ;      ;    ;             ;
; Cut off read during write signal paths                              ; On                 ;      ;    ;             ;
; Cut off feedback from I/O pins                                      ; On                 ;      ;    ;             ;
; Report Combined Fast/Slow Timing                                    ; Off                ;      ;    ;             ;
; Ignore Clock Settings                                               ; Off                ;      ;    ;             ;
; Analyze latches as synchronous elements                             ; On                 ;      ;    ;             ;
; Enable Recovery/Removal analysis                                    ; Off                ;      ;    ;             ;
; Enable Clock Latency                                                ; Off                ;      ;    ;             ;
; Use TimeQuest Timing Analyzer                                       ; Off                ;      ;    ;             ;
; Minimum Core Junction Temperature                                   ; 0                  ;      ;    ;             ;
; Maximum Core Junction Temperature                                   ; 85                 ;      ;    ;             ;
; Number of source nodes to report per destination node               ; 10                 ;      ;    ;             ;
; Number of destination nodes to report                               ; 10                 ;      ;    ;             ;
; Number of paths to report                                           ; 200                ;      ;    ;             ;
; Report Minimum Timing Checks                                        ; Off                ;      ;    ;             ;
; Use Fast Timing Models                                              ; Off                ;      ;    ;             ;
; Report IO Paths Separately                                          ; Off                ;      ;    ;             ;
; Perform Multicorner Analysis                                        ; On                 ;      ;    ;             ;
; Reports the worst-case path for each clock domain and analysis      ; Off                ;      ;    ;             ;
; Removes common clock path pessimism (CCPP) during slack computation ; Off                ;      ;    ;             ;
; Output I/O Timing Endpoint                                          ; Near End           ;      ;    ;             ;
+---------------------------------------------------------------------+--------------------+------+----+-------------+


Parallel compilation was disabled, but you have multiple processors available. Enable parallel compilation to reduce compilation time.
+-------------------------------------+
; Parallel Compilation                ;
+----------------------------+--------+
; Processors                 ; Number ;
+----------------------------+--------+
; Number detected on machine ; 4      ;
; Maximum allowed            ; 1      ;
+----------------------------+--------+


+----------------------------------------------------------------+
; tpd                                                            ;
+-------+-------------------+-----------------+---------+--------+
; Slack ; Required P2P Time ; Actual P2P Time ; From    ; To     ;
+-------+-------------------+-----------------+---------+--------+
; N/A   ; None              ; 11.655 ns       ; data[1] ; seg[1] ;
; N/A   ; None              ; 11.477 ns       ; data[1] ; seg[2] ;
; N/A   ; None              ; 10.485 ns       ; data[1] ; seg[0] ;
; N/A   ; None              ; 6.466 ns        ; data[0] ; seg[1] ;
; N/A   ; None              ; 6.342 ns        ; data[0] ; seg[2] ;
+-------+-------------------+-----------------+---------+--------+


+--------------------------+
; Timing Analyzer Messages ;
+--------------------------+
Info: *******************************************************************
Info: Running Quartus II Classic Timing Analyzer
    Info: Version 9.0 Build 184 04/29/2009 Service Pack 1 SJ Web Edition
    Info: Processing started: Mon Mar 09 15:59:44 2020
Info: Command: quartus_tan --read_settings_files=off --write_settings_files=off decoder2_3 -c decoder2_3 --timing_analysis_only
Info: Longest tpd from source pin "data[1]" to destination pin "seg[1]" is 11.655 ns
    Info: 1: + IC(0.000 ns) + CELL(0.954 ns) = 0.954 ns; Loc. = PIN_41; Fanout = 3; PIN Node = 'data[1]'
    Info: 2: + IC(6.220 ns) + CELL(0.370 ns) = 7.544 ns; Loc. = LCCOMB_X1_Y6_N18; Fanout = 1; COMB Node = '74139:inst|34'
    Info: 3: + IC(1.045 ns) + CELL(3.066 ns) = 11.655 ns; Loc. = PIN_26; Fanout = 0; PIN Node = 'seg[1]'
    Info: Total cell delay = 4.390 ns ( 37.67 % )
    Info: Total interconnect delay = 7.265 ns ( 62.33 % )
Info: Quartus II Classic Timing Analyzer was successful. 0 errors, 0 warnings
    Info: Peak virtual memory: 196 megabytes
    Info: Processing ended: Mon Mar 09 15:59:45 2020
    Info: Elapsed time: 00:00:01
    Info: Total CPU time (on all processors): 00:00:00


