c[?7l[2J[0mSeaBIOS (version 1.13.0-1ubuntu1.1)


iPXE (http://ipxe.org) 00:03.0 CA00 PCI2.10 PnP PMM+07F8CA10+07ECCA10 CA00
Press Ctrl-B to configure iPXE (PCI 00:03.0)...                                                                               


Booting from Hard Disk..(THU.CST) os is loading ...

Special kernel symbols:
  entry  0x00100000 (phys)
  etext  0x0010376a (phys)
  edata  0x00110a16 (phys)
  end    0x00111d20 (phys)
Kernel executable memory footprint: 72KB
ebp:00007b28 eip:00100ac2 args:0dbb0000 00940010 00940001 7b580001 
    kern/debug/kdebug.c:294: print_stackframe+25
ebp:00007b38 eip:00100dbb args:009b0000 00000010 00000000 00000000 
    kern/debug/kmonitor.c:125: mon_backtrace+14
ebp:00007b58 eip:0010009b args:00c90000 00000010 7b800000 00000000 
    kern/init/init.c:48: grade_backtrace2+37
ebp:00007b78 eip:001000c9 args:00ec0000 00000010 00000000 7ba4ffff 
    kern/init/init.c:53: grade_backtrace1+42
ebp:00007b98 eip:001000ec args:01160000 00000010 00000000 00000010 
    kern/init/init.c:58: grade_backtrace0+27
ebp:00007bb8 eip:00100116 args:00550000 379c0010 37800010 130a0010 
    kern/init/init.c:63: grade_backtrace+38
ebp:00007be8 eip:00100055 args:7d740000 00000000 00000000 00000000 
    kern/init/init.c:28: kern_init+84
ebp:00007bf8 eip:00007d74 args:7c4f0000 fcfa0000 d88ec031 d08ec08e 
    <unknow>: -- 0x00007d73 --
++ setup timer interrupts
0: @ring 0
0:  cs = 8
0:  ds = 10
0:  es = 10
0:  ss = 10
+++ switch to  user  mode +++
1: @ring 3
1:  cs = 1b
1:  ds = 23
1:  es = 23
1:  ss = 23
+++ switch to kernel mode +++
2: @ring 0
2:  cs = 8
2:  ds = 10
2:  es = 10
2:  ss = 10
100 ticks
End of Test.
kernel panic at kern/trap/trap.c:18:
    EOT: kernel seems ok.
stack trackback:
ebp:00007ad0 eip:00100ac2 args:046b0000 38480010 7b140010 00120000 
    kern/debug/kdebug.c:294: print_stackframe+25
ebp:00007b00 eip:0010046b args:193c0000 3b0e0010 00120010 3af80000 
    kern/debug/panic.c:27: __panic+107
ebp:00007b20 eip:0010193c args:1e1b0000 7b4c0010 000c0000 00940000 
    kern/trap/trap.c:0: print_ticks+69
ebp:00007b50 eip:00101e1b args:202a0000 7b7c0010 000c0000 38070000 
    kern/trap/trap.c:158: trap_dispatch+163
ebp:00007b70 eip:0010202a args:2ab50000 7b7c0010 00000000 00940000 
    kern/trap/trap.c:261: trap+20
ebp:00007be8 eip:00102ab5 args:7d740000 00000000 00000000 00000000 
    kern/trap/trapentry.S:24: <unknown>+0
ebp:00007bf8 eip:00007d74 args:7c4f0000 fcfa0000 d88ec031 d08ec08e 
    <unknow>: -- 0x00007d73 --
Welcome to the kernel debug monitor!!
Type 'help' for a list of commands.
K> 