Analysis & Synthesis report for i2c
Fri Apr 07 11:19:52 2023
Quartus II Version 9.0 Build 184 04/29/2009 Service Pack 1 SJ Web Edition


---------------------
; Table of Contents ;
---------------------
  1. Legal Notice
  2. Analysis & Synthesis Summary
  3. Analysis & Synthesis Settings
  4. Analysis & Synthesis Source Files Read
  5. Analysis & Synthesis Resource Usage Summary
  6. Analysis & Synthesis Resource Utilization by Entity
  7. State Machine - |i2c|i2c
  8. Registers Removed During Synthesis
  9. General Register Statistics
 10. Inverted Register Statistics
 11. Multiplexer Restructuring Statistics (Restructuring Performed)
 12. Parameter Settings for User Entity Instance: Top-level Entity: |i2c
 13. Analysis & Synthesis Messages



----------------
; Legal Notice ;
----------------
Copyright (C) 1991-2009 Altera Corporation
Your use of Altera Corporation's design tools, logic functions 
and other software and tools, and its AMPP partner logic 
functions, and any output files from any of the foregoing 
(including device programming or simulation files), and any 
associated documentation or information are expressly subject 
to the terms and conditions of the Altera Program License 
Subscription Agreement, Altera MegaCore Function License 
Agreement, or other applicable license agreement, including, 
without limitation, that your use is for the sole purpose of 
programming logic devices manufactured by Altera and sold by 
Altera or its authorized distributors.  Please refer to the 
applicable agreement for further details.



+-----------------------------------------------------------------------------------+
; Analysis & Synthesis Summary                                                      ;
+------------------------------------+----------------------------------------------+
; Analysis & Synthesis Status        ; Successful - Fri Apr 07 11:19:52 2023        ;
; Quartus II Version                 ; 9.0 Build 184 04/29/2009 SP 1 SJ Web Edition ;
; Revision Name                      ; i2c                                          ;
; Top-level Entity Name              ; i2c                                          ;
; Family                             ; Cyclone II                                   ;
; Total logic elements               ; 160                                          ;
;     Total combinational functions  ; 104                                          ;
;     Dedicated logic registers      ; 96                                           ;
; Total registers                    ; 96                                           ;
; Total pins                         ; 31                                           ;
; Total virtual pins                 ; 0                                            ;
; Total memory bits                  ; 0                                            ;
; Embedded Multiplier 9-bit elements ; 0                                            ;
; Total PLLs                         ; 0                                            ;
+------------------------------------+----------------------------------------------+


+--------------------------------------------------------------------------------------------------------+
; Analysis & Synthesis Settings                                                                          ;
+--------------------------------------------------------------+--------------------+--------------------+
; Option                                                       ; Setting            ; Default Value      ;
+--------------------------------------------------------------+--------------------+--------------------+
; Device                                                       ; EP2C5T144C8        ;                    ;
; Top-level entity name                                        ; i2c                ; i2c                ;
; Family name                                                  ; Cyclone II         ; Stratix II         ;
; Use Generated Physical Constraints File                      ; Off                ;                    ;
; Use smart compilation                                        ; Off                ; Off                ;
; Restructure Multiplexers                                     ; Auto               ; Auto               ;
; Create Debugging Nodes for IP Cores                          ; Off                ; Off                ;
; Preserve fewer node names                                    ; On                 ; On                 ;
; Disable OpenCore Plus hardware evaluation                    ; Off                ; Off                ;
; Verilog Version                                              ; Verilog_2001       ; Verilog_2001       ;
; VHDL Version                                                 ; VHDL93             ; VHDL93             ;
; State Machine Processing                                     ; Auto               ; Auto               ;
; Safe State Machine                                           ; Off                ; Off                ;
; Extract Verilog State Machines                               ; On                 ; On                 ;
; Extract VHDL State Machines                                  ; On                 ; On                 ;
; Ignore Verilog initial constructs                            ; Off                ; Off                ;
; Iteration limit for constant Verilog loops                   ; 5000               ; 5000               ;
; Iteration limit for non-constant Verilog loops               ; 250                ; 250                ;
; Add Pass-Through Logic to Inferred RAMs                      ; On                 ; On                 ;
; Parallel Synthesis                                           ; Off                ; Off                ;
; DSP Block Balancing                                          ; Auto               ; Auto               ;
; NOT Gate Push-Back                                           ; On                 ; On                 ;
; Power-Up Don't Care                                          ; On                 ; On                 ;
; Remove Redundant Logic Cells                                 ; Off                ; Off                ;
; Remove Duplicate Registers                                   ; On                 ; On                 ;
; Ignore CARRY Buffers                                         ; Off                ; Off                ;
; Ignore CASCADE Buffers                                       ; Off                ; Off                ;
; Ignore GLOBAL Buffers                                        ; Off                ; Off                ;
; Ignore ROW GLOBAL Buffers                                    ; Off                ; Off                ;
; Ignore LCELL Buffers                                         ; Off                ; Off                ;
; Ignore SOFT Buffers                                          ; On                 ; On                 ;
; Limit AHDL Integers to 32 Bits                               ; Off                ; Off                ;
; Optimization Technique                                       ; Balanced           ; Balanced           ;
; Carry Chain Length                                           ; 70                 ; 70                 ;
; Auto Carry Chains                                            ; On                 ; On                 ;
; Auto Open-Drain Pins                                         ; On                 ; On                 ;
; Perform WYSIWYG Primitive Resynthesis                        ; Off                ; Off                ;
; Auto ROM Replacement                                         ; On                 ; On                 ;
; Auto RAM Replacement                                         ; On                 ; On                 ;
; Auto Shift Register Replacement                              ; Auto               ; Auto               ;
; Auto Clock Enable Replacement                                ; On                 ; On                 ;
; Strict RAM Replacement                                       ; Off                ; Off                ;
; Allow Synchronous Control Signals                            ; On                 ; On                 ;
; Force Use of Synchronous Clear Signals                       ; Off                ; Off                ;
; Auto RAM to Logic Cell Conversion                            ; Off                ; Off                ;
; Auto Resource Sharing                                        ; Off                ; Off                ;
; Allow Any RAM Size For Recognition                           ; Off                ; Off                ;
; Allow Any ROM Size For Recognition                           ; Off                ; Off                ;
; Allow Any Shift Register Size For Recognition                ; Off                ; Off                ;
; Use LogicLock Constraints during Resource Balancing          ; On                 ; On                 ;
; Ignore translate_off and synthesis_off directives            ; Off                ; Off                ;
; Timing-Driven Synthesis                                      ; Off                ; Off                ;
; Show Parameter Settings Tables in Synthesis Report           ; On                 ; On                 ;
; Ignore Maximum Fan-Out Assignments                           ; Off                ; Off                ;
; Synchronization Register Chain Length                        ; 2                  ; 2                  ;
; PowerPlay Power Optimization                                 ; Normal compilation ; Normal compilation ;
; HDL message level                                            ; Level2             ; Level2             ;
; Suppress Register Optimization Related Messages              ; Off                ; Off                ;
; Number of Removed Registers Reported in Synthesis Report     ; 100                ; 100                ;
; Number of Inverted Registers Reported in Synthesis Report    ; 100                ; 100                ;
; Clock MUX Protection                                         ; On                 ; On                 ;
; Auto Gated Clock Conversion                                  ; Off                ; Off                ;
; Block Design Naming                                          ; Auto               ; Auto               ;
; SDC constraint protection                                    ; Off                ; Off                ;
; Synthesis Effort                                             ; Auto               ; Auto               ;
; Shift Register Replacement - Allow Asynchronous Clear Signal ; On                 ; On                 ;
; Analysis & Synthesis Message Level                           ; Medium             ; Medium             ;
+--------------------------------------------------------------+--------------------+--------------------+


+----------------------------------------------------------------------------------------------------------------------+
; Analysis & Synthesis Source Files Read                                                                               ;
+----------------------------------------+-----------------+------------------------+----------------------------------+
; File Name with User-Entered Path       ; Used in Netlist ; File Type              ; File Name with Absolute Path     ;
+----------------------------------------+-----------------+------------------------+----------------------------------+
; ../../../ModelSim/AA_I2C/I2C_Rtl/i2c.v ; yes             ; User Verilog HDL File  ; e:/ModelSim/AA_I2C/I2C_Rtl/i2c.v ;
+----------------------------------------+-----------------+------------------------+----------------------------------+


+-----------------------------------------------------+
; Analysis & Synthesis Resource Usage Summary         ;
+---------------------------------------------+-------+
; Resource                                    ; Usage ;
+---------------------------------------------+-------+
; Estimated Total logic elements              ; 160   ;
;                                             ;       ;
; Total combinational functions               ; 104   ;
; Logic element usage by number of LUT inputs ;       ;
;     -- 4 input functions                    ; 63    ;
;     -- 3 input functions                    ; 9     ;
;     -- <=2 input functions                  ; 32    ;
;                                             ;       ;
; Logic elements by mode                      ;       ;
;     -- normal mode                          ; 85    ;
;     -- arithmetic mode                      ; 19    ;
;                                             ;       ;
; Total registers                             ; 96    ;
;     -- Dedicated logic registers            ; 96    ;
;     -- I/O registers                        ; 0     ;
;                                             ;       ;
; I/O pins                                    ; 31    ;
; Maximum fan-out node                        ; clk   ;
; Maximum fan-out                             ; 96    ;
; Total fan-out                               ; 723   ;
; Average fan-out                             ; 3.13  ;
+---------------------------------------------+-------+


+-----------------------------------------------------------------------------------------------------------------------------------------------------------------------------+
; Analysis & Synthesis Resource Utilization by Entity                                                                                                                         ;
+----------------------------+-------------------+--------------+-------------+--------------+---------+-----------+------+--------------+---------------------+--------------+
; Compilation Hierarchy Node ; LC Combinationals ; LC Registers ; Memory Bits ; DSP Elements ; DSP 9x9 ; DSP 18x18 ; Pins ; Virtual Pins ; Full Hierarchy Name ; Library Name ;
+----------------------------+-------------------+--------------+-------------+--------------+---------+-----------+------+--------------+---------------------+--------------+
; |i2c                       ; 104 (104)         ; 96 (96)      ; 0           ; 0            ; 0       ; 0         ; 31   ; 0            ; |i2c                ;              ;
+----------------------------+-------------------+--------------+-------------+--------------+---------+-----------+------+--------------+---------------------+--------------+
Note: For table entries with two numbers listed, the numbers in parentheses indicate the number of resources of the given type used by the specific entity alone. The numbers listed outside of parentheses indicate the total resources of the given type used by the specific entity and all of its sub-entities in the hierarchy.


Encoding Type:  One-Hot
+--------------------------------------------------------------------------------------------------------------------------------------------------------------------------------------------------------------------------------------------------------------------------------------------------------------------------------------------------------------------------------------------------------------------------------------------------------------------------------------------------------------------------------------------------------------------------------------------------------------------------------------------------------------------------------------------------------------------------------------------------------------------------------------------------------------------------------------------------------------------------+
; State Machine - |i2c|i2c                                                                                                                                                                                                                                                                                                                                                                                                                                                                                                                                                                                                                                                                                                                                                                                                                                                 ;
+-----------------+--------------+-------------+-------------+------------+-------------+-------------+-------------+-------------+-------------+-------------+-------------+-------------+-------------+------------+---------------+---------------+---------------+---------------+---------------+---------------+---------------+---------------+-------------+-----------------+------------+-------------+-------------+-------------+-------------+-------------+-------------+-------------+-------------+------------+---------------+---------------+---------------+---------------+---------------+---------------+---------------+---------------+--------------+---------------+---------------+---------------+---------------+---------------+---------------+---------------+---------------+-------------+-----------------+-----------------+----------+
; Name            ; i2c.W_OPOVER ; i2c.S_STOP1 ; i2c.S_STOP0 ; i2c.S_STOP ; i2c.R_NOACK ; i2c.R_DATA0 ; i2c.R_DATA1 ; i2c.R_DATA2 ; i2c.R_DATA3 ; i2c.R_DATA4 ; i2c.R_DATA5 ; i2c.R_DATA6 ; i2c.R_DATA7 ; i2c.R_DACK ; i2c.R_DEVICE0 ; i2c.R_DEVICE1 ; i2c.R_DEVICE2 ; i2c.R_DEVICE3 ; i2c.R_DEVICE4 ; i2c.R_DEVICE5 ; i2c.R_DEVICE6 ; i2c.R_DEVICE7 ; i2c.R_START ; i2c.WAIT_WTICK3 ; i2c.W_DACK ; i2c.W_DATA0 ; i2c.W_DATA1 ; i2c.W_DATA2 ; i2c.W_DATA3 ; i2c.W_DATA4 ; i2c.W_DATA5 ; i2c.W_DATA6 ; i2c.W_DATA7 ; i2c.W_AACK ; i2c.W_ADDRES0 ; i2c.W_ADDRES1 ; i2c.W_ADDRES2 ; i2c.W_ADDRES3 ; i2c.W_ADDRES4 ; i2c.W_ADDRES5 ; i2c.W_ADDRES6 ; i2c.W_ADDRES7 ; i2c.W_DEVACK ; i2c.W_DEVICE0 ; i2c.W_DEVICE1 ; i2c.W_DEVICE2 ; i2c.W_DEVICE3 ; i2c.W_DEVICE4 ; i2c.W_DEVICE5 ; i2c.W_DEVICE6 ; i2c.W_DEVICE7 ; i2c.W_START ; i2c.WAIT_WTICK1 ; i2c.WAIT_WTICK0 ; i2c.IDLE ;
+-----------------+--------------+-------------+-------------+------------+-------------+-------------+-------------+-------------+-------------+-------------+-------------+-------------+-------------+------------+---------------+---------------+---------------+---------------+---------------+---------------+---------------+---------------+-------------+-----------------+------------+-------------+-------------+-------------+-------------+-------------+-------------+-------------+-------------+------------+---------------+---------------+---------------+---------------+---------------+---------------+---------------+---------------+--------------+---------------+---------------+---------------+---------------+---------------+---------------+---------------+---------------+-------------+-----------------+-----------------+----------+
; i2c.IDLE        ; 0            ; 0           ; 0           ; 0          ; 0           ; 0           ; 0           ; 0           ; 0           ; 0           ; 0           ; 0           ; 0           ; 0          ; 0             ; 0             ; 0             ; 0             ; 0             ; 0             ; 0             ; 0             ; 0           ; 0               ; 0          ; 0           ; 0           ; 0           ; 0           ; 0           ; 0           ; 0           ; 0           ; 0          ; 0             ; 0             ; 0             ; 0             ; 0             ; 0             ; 0             ; 0             ; 0            ; 0             ; 0             ; 0             ; 0             ; 0             ; 0             ; 0             ; 0             ; 0           ; 0               ; 0               ; 0        ;
; i2c.WAIT_WTICK0 ; 0            ; 0           ; 0           ; 0          ; 0           ; 0           ; 0           ; 0           ; 0           ; 0           ; 0           ; 0           ; 0           ; 0          ; 0             ; 0             ; 0             ; 0             ; 0             ; 0             ; 0             ; 0             ; 0           ; 0               ; 0          ; 0           ; 0           ; 0           ; 0           ; 0           ; 0           ; 0           ; 0           ; 0          ; 0             ; 0             ; 0             ; 0             ; 0             ; 0             ; 0             ; 0             ; 0            ; 0             ; 0             ; 0             ; 0             ; 0             ; 0             ; 0             ; 0             ; 0           ; 0               ; 1               ; 1        ;
; i2c.WAIT_WTICK1 ; 0            ; 0           ; 0           ; 0          ; 0           ; 0           ; 0           ; 0           ; 0           ; 0           ; 0           ; 0           ; 0           ; 0          ; 0             ; 0             ; 0             ; 0             ; 0             ; 0             ; 0             ; 0             ; 0           ; 0               ; 0          ; 0           ; 0           ; 0           ; 0           ; 0           ; 0           ; 0           ; 0           ; 0          ; 0             ; 0             ; 0             ; 0             ; 0             ; 0             ; 0             ; 0             ; 0            ; 0             ; 0             ; 0             ; 0             ; 0             ; 0             ; 0             ; 0             ; 0           ; 1               ; 0               ; 1        ;
; i2c.W_START     ; 0            ; 0           ; 0           ; 0          ; 0           ; 0           ; 0           ; 0           ; 0           ; 0           ; 0           ; 0           ; 0           ; 0          ; 0             ; 0             ; 0             ; 0             ; 0             ; 0             ; 0             ; 0             ; 0           ; 0               ; 0          ; 0           ; 0           ; 0           ; 0           ; 0           ; 0           ; 0           ; 0           ; 0          ; 0             ; 0             ; 0             ; 0             ; 0             ; 0             ; 0             ; 0             ; 0            ; 0             ; 0             ; 0             ; 0             ; 0             ; 0             ; 0             ; 0             ; 1           ; 0               ; 0               ; 1        ;
; i2c.W_DEVICE7   ; 0            ; 0           ; 0           ; 0          ; 0           ; 0           ; 0           ; 0           ; 0           ; 0           ; 0           ; 0           ; 0           ; 0          ; 0             ; 0             ; 0             ; 0             ; 0             ; 0             ; 0             ; 0             ; 0           ; 0               ; 0          ; 0           ; 0           ; 0           ; 0           ; 0           ; 0           ; 0           ; 0           ; 0          ; 0             ; 0             ; 0             ; 0             ; 0             ; 0             ; 0             ; 0             ; 0            ; 0             ; 0             ; 0             ; 0             ; 0             ; 0             ; 0             ; 1             ; 0           ; 0               ; 0               ; 1        ;
; i2c.W_DEVICE6   ; 0            ; 0           ; 0           ; 0          ; 0           ; 0           ; 0           ; 0           ; 0           ; 0           ; 0           ; 0           ; 0           ; 0          ; 0             ; 0             ; 0             ; 0             ; 0             ; 0             ; 0             ; 0             ; 0           ; 0               ; 0          ; 0           ; 0           ; 0           ; 0           ; 0           ; 0           ; 0           ; 0           ; 0          ; 0             ; 0             ; 0             ; 0             ; 0             ; 0             ; 0             ; 0             ; 0            ; 0             ; 0             ; 0             ; 0             ; 0             ; 0             ; 1             ; 0             ; 0           ; 0               ; 0               ; 1        ;
; i2c.W_DEVICE5   ; 0            ; 0           ; 0           ; 0          ; 0           ; 0           ; 0           ; 0           ; 0           ; 0           ; 0           ; 0           ; 0           ; 0          ; 0             ; 0             ; 0             ; 0             ; 0             ; 0             ; 0             ; 0             ; 0           ; 0               ; 0          ; 0           ; 0           ; 0           ; 0           ; 0           ; 0           ; 0           ; 0           ; 0          ; 0             ; 0             ; 0             ; 0             ; 0             ; 0             ; 0             ; 0             ; 0            ; 0             ; 0             ; 0             ; 0             ; 0             ; 1             ; 0             ; 0             ; 0           ; 0               ; 0               ; 1        ;
; i2c.W_DEVICE4   ; 0            ; 0           ; 0           ; 0          ; 0           ; 0           ; 0           ; 0           ; 0           ; 0           ; 0           ; 0           ; 0           ; 0          ; 0             ; 0             ; 0             ; 0             ; 0             ; 0             ; 0             ; 0             ; 0           ; 0               ; 0          ; 0           ; 0           ; 0           ; 0           ; 0           ; 0           ; 0           ; 0           ; 0          ; 0             ; 0             ; 0             ; 0             ; 0             ; 0             ; 0             ; 0             ; 0            ; 0             ; 0             ; 0             ; 0             ; 1             ; 0             ; 0             ; 0             ; 0           ; 0               ; 0               ; 1        ;
; i2c.W_DEVICE3   ; 0            ; 0           ; 0           ; 0          ; 0           ; 0           ; 0           ; 0           ; 0           ; 0           ; 0           ; 0           ; 0           ; 0          ; 0             ; 0             ; 0             ; 0             ; 0             ; 0             ; 0             ; 0             ; 0           ; 0               ; 0          ; 0           ; 0           ; 0           ; 0           ; 0           ; 0           ; 0           ; 0           ; 0          ; 0             ; 0             ; 0             ; 0             ; 0             ; 0             ; 0             ; 0             ; 0            ; 0             ; 0             ; 0             ; 1             ; 0             ; 0             ; 0             ; 0             ; 0           ; 0               ; 0               ; 1        ;
; i2c.W_DEVICE2   ; 0            ; 0           ; 0           ; 0          ; 0           ; 0           ; 0           ; 0           ; 0           ; 0           ; 0           ; 0           ; 0           ; 0          ; 0             ; 0             ; 0             ; 0             ; 0             ; 0             ; 0             ; 0             ; 0           ; 0               ; 0          ; 0           ; 0           ; 0           ; 0           ; 0           ; 0           ; 0           ; 0           ; 0          ; 0             ; 0             ; 0             ; 0             ; 0             ; 0             ; 0             ; 0             ; 0            ; 0             ; 0             ; 1             ; 0             ; 0             ; 0             ; 0             ; 0             ; 0           ; 0               ; 0               ; 1        ;
; i2c.W_DEVICE1   ; 0            ; 0           ; 0           ; 0          ; 0           ; 0           ; 0           ; 0           ; 0           ; 0           ; 0           ; 0           ; 0           ; 0          ; 0             ; 0             ; 0             ; 0             ; 0             ; 0             ; 0             ; 0             ; 0           ; 0               ; 0          ; 0           ; 0           ; 0           ; 0           ; 0           ; 0           ; 0           ; 0           ; 0          ; 0             ; 0             ; 0             ; 0             ; 0             ; 0             ; 0             ; 0             ; 0            ; 0             ; 1             ; 0             ; 0             ; 0             ; 0             ; 0             ; 0             ; 0           ; 0               ; 0               ; 1        ;
; i2c.W_DEVICE0   ; 0            ; 0           ; 0           ; 0          ; 0           ; 0           ; 0           ; 0           ; 0           ; 0           ; 0           ; 0           ; 0           ; 0          ; 0             ; 0             ; 0             ; 0             ; 0             ; 0             ; 0             ; 0             ; 0           ; 0               ; 0          ; 0           ; 0           ; 0           ; 0           ; 0           ; 0           ; 0           ; 0           ; 0          ; 0             ; 0             ; 0             ; 0             ; 0             ; 0             ; 0             ; 0             ; 0            ; 1             ; 0             ; 0             ; 0             ; 0             ; 0             ; 0             ; 0             ; 0           ; 0               ; 0               ; 1        ;
; i2c.W_DEVACK    ; 0            ; 0           ; 0           ; 0          ; 0           ; 0           ; 0           ; 0           ; 0           ; 0           ; 0           ; 0           ; 0           ; 0          ; 0             ; 0             ; 0             ; 0             ; 0             ; 0             ; 0             ; 0             ; 0           ; 0               ; 0          ; 0           ; 0           ; 0           ; 0           ; 0           ; 0           ; 0           ; 0           ; 0          ; 0             ; 0             ; 0             ; 0             ; 0             ; 0             ; 0             ; 0             ; 1            ; 0             ; 0             ; 0             ; 0             ; 0             ; 0             ; 0             ; 0             ; 0           ; 0               ; 0               ; 1        ;
; i2c.W_ADDRES7   ; 0            ; 0           ; 0           ; 0          ; 0           ; 0           ; 0           ; 0           ; 0           ; 0           ; 0           ; 0           ; 0           ; 0          ; 0             ; 0             ; 0             ; 0             ; 0             ; 0             ; 0             ; 0             ; 0           ; 0               ; 0          ; 0           ; 0           ; 0           ; 0           ; 0           ; 0           ; 0           ; 0           ; 0          ; 0             ; 0             ; 0             ; 0             ; 0             ; 0             ; 0             ; 1             ; 0            ; 0             ; 0             ; 0             ; 0             ; 0             ; 0             ; 0             ; 0             ; 0           ; 0               ; 0               ; 1        ;
; i2c.W_ADDRES6   ; 0            ; 0           ; 0           ; 0          ; 0           ; 0           ; 0           ; 0           ; 0           ; 0           ; 0           ; 0           ; 0           ; 0          ; 0             ; 0             ; 0             ; 0             ; 0             ; 0             ; 0             ; 0             ; 0           ; 0               ; 0          ; 0           ; 0           ; 0           ; 0           ; 0           ; 0           ; 0           ; 0           ; 0          ; 0             ; 0             ; 0             ; 0             ; 0             ; 0             ; 1             ; 0             ; 0            ; 0             ; 0             ; 0             ; 0             ; 0             ; 0             ; 0             ; 0             ; 0           ; 0               ; 0               ; 1        ;
; i2c.W_ADDRES5   ; 0            ; 0           ; 0           ; 0          ; 0           ; 0           ; 0           ; 0           ; 0           ; 0           ; 0           ; 0           ; 0           ; 0          ; 0             ; 0             ; 0             ; 0             ; 0             ; 0             ; 0             ; 0             ; 0           ; 0               ; 0          ; 0           ; 0           ; 0           ; 0           ; 0           ; 0           ; 0           ; 0           ; 0          ; 0             ; 0             ; 0             ; 0             ; 0             ; 1             ; 0             ; 0             ; 0            ; 0             ; 0             ; 0             ; 0             ; 0             ; 0             ; 0             ; 0             ; 0           ; 0               ; 0               ; 1        ;
; i2c.W_ADDRES4   ; 0            ; 0           ; 0           ; 0          ; 0           ; 0           ; 0           ; 0           ; 0           ; 0           ; 0           ; 0           ; 0           ; 0          ; 0             ; 0             ; 0             ; 0             ; 0             ; 0             ; 0             ; 0             ; 0           ; 0               ; 0          ; 0           ; 0           ; 0           ; 0           ; 0           ; 0           ; 0           ; 0           ; 0          ; 0             ; 0             ; 0             ; 0             ; 1             ; 0             ; 0             ; 0             ; 0            ; 0             ; 0             ; 0             ; 0             ; 0             ; 0             ; 0             ; 0             ; 0           ; 0               ; 0               ; 1        ;
; i2c.W_ADDRES3   ; 0            ; 0           ; 0           ; 0          ; 0           ; 0           ; 0           ; 0           ; 0           ; 0           ; 0           ; 0           ; 0           ; 0          ; 0             ; 0             ; 0             ; 0             ; 0             ; 0             ; 0             ; 0             ; 0           ; 0               ; 0          ; 0           ; 0           ; 0           ; 0           ; 0           ; 0           ; 0           ; 0           ; 0          ; 0             ; 0             ; 0             ; 1             ; 0             ; 0             ; 0             ; 0             ; 0            ; 0             ; 0             ; 0             ; 0             ; 0             ; 0             ; 0             ; 0             ; 0           ; 0               ; 0               ; 1        ;
; i2c.W_ADDRES2   ; 0            ; 0           ; 0           ; 0          ; 0           ; 0           ; 0           ; 0           ; 0           ; 0           ; 0           ; 0           ; 0           ; 0          ; 0             ; 0             ; 0             ; 0             ; 0             ; 0             ; 0             ; 0             ; 0           ; 0               ; 0          ; 0           ; 0           ; 0           ; 0           ; 0           ; 0           ; 0           ; 0           ; 0          ; 0             ; 0             ; 1             ; 0             ; 0             ; 0             ; 0             ; 0             ; 0            ; 0             ; 0             ; 0             ; 0             ; 0             ; 0             ; 0             ; 0             ; 0           ; 0               ; 0               ; 1        ;
; i2c.W_ADDRES1   ; 0            ; 0           ; 0           ; 0          ; 0           ; 0           ; 0           ; 0           ; 0           ; 0           ; 0           ; 0           ; 0           ; 0          ; 0             ; 0             ; 0             ; 0             ; 0             ; 0             ; 0             ; 0             ; 0           ; 0               ; 0          ; 0           ; 0           ; 0           ; 0           ; 0           ; 0           ; 0           ; 0           ; 0          ; 0             ; 1             ; 0             ; 0             ; 0             ; 0             ; 0             ; 0             ; 0            ; 0             ; 0             ; 0             ; 0             ; 0             ; 0             ; 0             ; 0             ; 0           ; 0               ; 0               ; 1        ;
; i2c.W_ADDRES0   ; 0            ; 0           ; 0           ; 0          ; 0           ; 0           ; 0           ; 0           ; 0           ; 0           ; 0           ; 0           ; 0           ; 0          ; 0             ; 0             ; 0             ; 0             ; 0             ; 0             ; 0             ; 0             ; 0           ; 0               ; 0          ; 0           ; 0           ; 0           ; 0           ; 0           ; 0           ; 0           ; 0           ; 0          ; 1             ; 0             ; 0             ; 0             ; 0             ; 0             ; 0             ; 0             ; 0            ; 0             ; 0             ; 0             ; 0             ; 0             ; 0             ; 0             ; 0             ; 0           ; 0               ; 0               ; 1        ;
; i2c.W_AACK      ; 0            ; 0           ; 0           ; 0          ; 0           ; 0           ; 0           ; 0           ; 0           ; 0           ; 0           ; 0           ; 0           ; 0          ; 0             ; 0             ; 0             ; 0             ; 0             ; 0             ; 0             ; 0             ; 0           ; 0               ; 0          ; 0           ; 0           ; 0           ; 0           ; 0           ; 0           ; 0           ; 0           ; 1          ; 0             ; 0             ; 0             ; 0             ; 0             ; 0             ; 0             ; 0             ; 0            ; 0             ; 0             ; 0             ; 0             ; 0             ; 0             ; 0             ; 0             ; 0           ; 0               ; 0               ; 1        ;
; i2c.W_DATA7     ; 0            ; 0           ; 0           ; 0          ; 0           ; 0           ; 0           ; 0           ; 0           ; 0           ; 0           ; 0           ; 0           ; 0          ; 0             ; 0             ; 0             ; 0             ; 0             ; 0             ; 0             ; 0             ; 0           ; 0               ; 0          ; 0           ; 0           ; 0           ; 0           ; 0           ; 0           ; 0           ; 1           ; 0          ; 0             ; 0             ; 0             ; 0             ; 0             ; 0             ; 0             ; 0             ; 0            ; 0             ; 0             ; 0             ; 0             ; 0             ; 0             ; 0             ; 0             ; 0           ; 0               ; 0               ; 1        ;
; i2c.W_DATA6     ; 0            ; 0           ; 0           ; 0          ; 0           ; 0           ; 0           ; 0           ; 0           ; 0           ; 0           ; 0           ; 0           ; 0          ; 0             ; 0             ; 0             ; 0             ; 0             ; 0             ; 0             ; 0             ; 0           ; 0               ; 0          ; 0           ; 0           ; 0           ; 0           ; 0           ; 0           ; 1           ; 0           ; 0          ; 0             ; 0             ; 0             ; 0             ; 0             ; 0             ; 0             ; 0             ; 0            ; 0             ; 0             ; 0             ; 0             ; 0             ; 0             ; 0             ; 0             ; 0           ; 0               ; 0               ; 1        ;
; i2c.W_DATA5     ; 0            ; 0           ; 0           ; 0          ; 0           ; 0           ; 0           ; 0           ; 0           ; 0           ; 0           ; 0           ; 0           ; 0          ; 0             ; 0             ; 0             ; 0             ; 0             ; 0             ; 0             ; 0             ; 0           ; 0               ; 0          ; 0           ; 0           ; 0           ; 0           ; 0           ; 1           ; 0           ; 0           ; 0          ; 0             ; 0             ; 0             ; 0             ; 0             ; 0             ; 0             ; 0             ; 0            ; 0             ; 0             ; 0             ; 0             ; 0             ; 0             ; 0             ; 0             ; 0           ; 0               ; 0               ; 1        ;
; i2c.W_DATA4     ; 0            ; 0           ; 0           ; 0          ; 0           ; 0           ; 0           ; 0           ; 0           ; 0           ; 0           ; 0           ; 0           ; 0          ; 0             ; 0             ; 0             ; 0             ; 0             ; 0             ; 0             ; 0             ; 0           ; 0               ; 0          ; 0           ; 0           ; 0           ; 0           ; 1           ; 0           ; 0           ; 0           ; 0          ; 0             ; 0             ; 0             ; 0             ; 0             ; 0             ; 0             ; 0             ; 0            ; 0             ; 0             ; 0             ; 0             ; 0             ; 0             ; 0             ; 0             ; 0           ; 0               ; 0               ; 1        ;
; i2c.W_DATA3     ; 0            ; 0           ; 0           ; 0          ; 0           ; 0           ; 0           ; 0           ; 0           ; 0           ; 0           ; 0           ; 0           ; 0          ; 0             ; 0             ; 0             ; 0             ; 0             ; 0             ; 0             ; 0             ; 0           ; 0               ; 0          ; 0           ; 0           ; 0           ; 1           ; 0           ; 0           ; 0           ; 0           ; 0          ; 0             ; 0             ; 0             ; 0             ; 0             ; 0             ; 0             ; 0             ; 0            ; 0             ; 0             ; 0             ; 0             ; 0             ; 0             ; 0             ; 0             ; 0           ; 0               ; 0               ; 1        ;
; i2c.W_DATA2     ; 0            ; 0           ; 0           ; 0          ; 0           ; 0           ; 0           ; 0           ; 0           ; 0           ; 0           ; 0           ; 0           ; 0          ; 0             ; 0             ; 0             ; 0             ; 0             ; 0             ; 0             ; 0             ; 0           ; 0               ; 0          ; 0           ; 0           ; 1           ; 0           ; 0           ; 0           ; 0           ; 0           ; 0          ; 0             ; 0             ; 0             ; 0             ; 0             ; 0             ; 0             ; 0             ; 0            ; 0             ; 0             ; 0             ; 0             ; 0             ; 0             ; 0             ; 0             ; 0           ; 0               ; 0               ; 1        ;
; i2c.W_DATA1     ; 0            ; 0           ; 0           ; 0          ; 0           ; 0           ; 0           ; 0           ; 0           ; 0           ; 0           ; 0           ; 0           ; 0          ; 0             ; 0             ; 0             ; 0             ; 0             ; 0             ; 0             ; 0             ; 0           ; 0               ; 0          ; 0           ; 1           ; 0           ; 0           ; 0           ; 0           ; 0           ; 0           ; 0          ; 0             ; 0             ; 0             ; 0             ; 0             ; 0             ; 0             ; 0             ; 0            ; 0             ; 0             ; 0             ; 0             ; 0             ; 0             ; 0             ; 0             ; 0           ; 0               ; 0               ; 1        ;
; i2c.W_DATA0     ; 0            ; 0           ; 0           ; 0          ; 0           ; 0           ; 0           ; 0           ; 0           ; 0           ; 0           ; 0           ; 0           ; 0          ; 0             ; 0             ; 0             ; 0             ; 0             ; 0             ; 0             ; 0             ; 0           ; 0               ; 0          ; 1           ; 0           ; 0           ; 0           ; 0           ; 0           ; 0           ; 0           ; 0          ; 0             ; 0             ; 0             ; 0             ; 0             ; 0             ; 0             ; 0             ; 0            ; 0             ; 0             ; 0             ; 0             ; 0             ; 0             ; 0             ; 0             ; 0           ; 0               ; 0               ; 1        ;
; i2c.W_DACK      ; 0            ; 0           ; 0           ; 0          ; 0           ; 0           ; 0           ; 0           ; 0           ; 0           ; 0           ; 0           ; 0           ; 0          ; 0             ; 0             ; 0             ; 0             ; 0             ; 0             ; 0             ; 0             ; 0           ; 0               ; 1          ; 0           ; 0           ; 0           ; 0           ; 0           ; 0           ; 0           ; 0           ; 0          ; 0             ; 0             ; 0             ; 0             ; 0             ; 0             ; 0             ; 0             ; 0            ; 0             ; 0             ; 0             ; 0             ; 0             ; 0             ; 0             ; 0             ; 0           ; 0               ; 0               ; 1        ;
; i2c.WAIT_WTICK3 ; 0            ; 0           ; 0           ; 0          ; 0           ; 0           ; 0           ; 0           ; 0           ; 0           ; 0           ; 0           ; 0           ; 0          ; 0             ; 0             ; 0             ; 0             ; 0             ; 0             ; 0             ; 0             ; 0           ; 1               ; 0          ; 0           ; 0           ; 0           ; 0           ; 0           ; 0           ; 0           ; 0           ; 0          ; 0             ; 0             ; 0             ; 0             ; 0             ; 0             ; 0             ; 0             ; 0            ; 0             ; 0             ; 0             ; 0             ; 0             ; 0             ; 0             ; 0             ; 0           ; 0               ; 0               ; 1        ;
; i2c.R_START     ; 0            ; 0           ; 0           ; 0          ; 0           ; 0           ; 0           ; 0           ; 0           ; 0           ; 0           ; 0           ; 0           ; 0          ; 0             ; 0             ; 0             ; 0             ; 0             ; 0             ; 0             ; 0             ; 1           ; 0               ; 0          ; 0           ; 0           ; 0           ; 0           ; 0           ; 0           ; 0           ; 0           ; 0          ; 0             ; 0             ; 0             ; 0             ; 0             ; 0             ; 0             ; 0             ; 0            ; 0             ; 0             ; 0             ; 0             ; 0             ; 0             ; 0             ; 0             ; 0           ; 0               ; 0               ; 1        ;
; i2c.R_DEVICE7   ; 0            ; 0           ; 0           ; 0          ; 0           ; 0           ; 0           ; 0           ; 0           ; 0           ; 0           ; 0           ; 0           ; 0          ; 0             ; 0             ; 0             ; 0             ; 0             ; 0             ; 0             ; 1             ; 0           ; 0               ; 0          ; 0           ; 0           ; 0           ; 0           ; 0           ; 0           ; 0           ; 0           ; 0          ; 0             ; 0             ; 0             ; 0             ; 0             ; 0             ; 0             ; 0             ; 0            ; 0             ; 0             ; 0             ; 0             ; 0             ; 0             ; 0             ; 0             ; 0           ; 0               ; 0               ; 1        ;
; i2c.R_DEVICE6   ; 0            ; 0           ; 0           ; 0          ; 0           ; 0           ; 0           ; 0           ; 0           ; 0           ; 0           ; 0           ; 0           ; 0          ; 0             ; 0             ; 0             ; 0             ; 0             ; 0             ; 1             ; 0             ; 0           ; 0               ; 0          ; 0           ; 0           ; 0           ; 0           ; 0           ; 0           ; 0           ; 0           ; 0          ; 0             ; 0             ; 0             ; 0             ; 0             ; 0             ; 0             ; 0             ; 0            ; 0             ; 0             ; 0             ; 0             ; 0             ; 0             ; 0             ; 0             ; 0           ; 0               ; 0               ; 1        ;
; i2c.R_DEVICE5   ; 0            ; 0           ; 0           ; 0          ; 0           ; 0           ; 0           ; 0           ; 0           ; 0           ; 0           ; 0           ; 0           ; 0          ; 0             ; 0             ; 0             ; 0             ; 0             ; 1             ; 0             ; 0             ; 0           ; 0               ; 0          ; 0           ; 0           ; 0           ; 0           ; 0           ; 0           ; 0           ; 0           ; 0          ; 0             ; 0             ; 0             ; 0             ; 0             ; 0             ; 0             ; 0             ; 0            ; 0             ; 0             ; 0             ; 0             ; 0             ; 0             ; 0             ; 0             ; 0           ; 0               ; 0               ; 1        ;
; i2c.R_DEVICE4   ; 0            ; 0           ; 0           ; 0          ; 0           ; 0           ; 0           ; 0           ; 0           ; 0           ; 0           ; 0           ; 0           ; 0          ; 0             ; 0             ; 0             ; 0             ; 1             ; 0             ; 0             ; 0             ; 0           ; 0               ; 0          ; 0           ; 0           ; 0           ; 0           ; 0           ; 0           ; 0           ; 0           ; 0          ; 0             ; 0             ; 0             ; 0             ; 0             ; 0             ; 0             ; 0             ; 0            ; 0             ; 0             ; 0             ; 0             ; 0             ; 0             ; 0             ; 0             ; 0           ; 0               ; 0               ; 1        ;
; i2c.R_DEVICE3   ; 0            ; 0           ; 0           ; 0          ; 0           ; 0           ; 0           ; 0           ; 0           ; 0           ; 0           ; 0           ; 0           ; 0          ; 0             ; 0             ; 0             ; 1             ; 0             ; 0             ; 0             ; 0             ; 0           ; 0               ; 0          ; 0           ; 0           ; 0           ; 0           ; 0           ; 0           ; 0           ; 0           ; 0          ; 0             ; 0             ; 0             ; 0             ; 0             ; 0             ; 0             ; 0             ; 0            ; 0             ; 0             ; 0             ; 0             ; 0             ; 0             ; 0             ; 0             ; 0           ; 0               ; 0               ; 1        ;
; i2c.R_DEVICE2   ; 0            ; 0           ; 0           ; 0          ; 0           ; 0           ; 0           ; 0           ; 0           ; 0           ; 0           ; 0           ; 0           ; 0          ; 0             ; 0             ; 1             ; 0             ; 0             ; 0             ; 0             ; 0             ; 0           ; 0               ; 0          ; 0           ; 0           ; 0           ; 0           ; 0           ; 0           ; 0           ; 0           ; 0          ; 0             ; 0             ; 0             ; 0             ; 0             ; 0             ; 0             ; 0             ; 0            ; 0             ; 0             ; 0             ; 0             ; 0             ; 0             ; 0             ; 0             ; 0           ; 0               ; 0               ; 1        ;
; i2c.R_DEVICE1   ; 0            ; 0           ; 0           ; 0          ; 0           ; 0           ; 0           ; 0           ; 0           ; 0           ; 0           ; 0           ; 0           ; 0          ; 0             ; 1             ; 0             ; 0             ; 0             ; 0             ; 0             ; 0             ; 0           ; 0               ; 0          ; 0           ; 0           ; 0           ; 0           ; 0           ; 0           ; 0           ; 0           ; 0          ; 0             ; 0             ; 0             ; 0             ; 0             ; 0             ; 0             ; 0             ; 0            ; 0             ; 0             ; 0             ; 0             ; 0             ; 0             ; 0             ; 0             ; 0           ; 0               ; 0               ; 1        ;
; i2c.R_DEVICE0   ; 0            ; 0           ; 0           ; 0          ; 0           ; 0           ; 0           ; 0           ; 0           ; 0           ; 0           ; 0           ; 0           ; 0          ; 1             ; 0             ; 0             ; 0             ; 0             ; 0             ; 0             ; 0             ; 0           ; 0               ; 0          ; 0           ; 0           ; 0           ; 0           ; 0           ; 0           ; 0           ; 0           ; 0          ; 0             ; 0             ; 0             ; 0             ; 0             ; 0             ; 0             ; 0             ; 0            ; 0             ; 0             ; 0             ; 0             ; 0             ; 0             ; 0             ; 0             ; 0           ; 0               ; 0               ; 1        ;
; i2c.R_DACK      ; 0            ; 0           ; 0           ; 0          ; 0           ; 0           ; 0           ; 0           ; 0           ; 0           ; 0           ; 0           ; 0           ; 1          ; 0             ; 0             ; 0             ; 0             ; 0             ; 0             ; 0             ; 0             ; 0           ; 0               ; 0          ; 0           ; 0           ; 0           ; 0           ; 0           ; 0           ; 0           ; 0           ; 0          ; 0             ; 0             ; 0             ; 0             ; 0             ; 0             ; 0             ; 0             ; 0            ; 0             ; 0             ; 0             ; 0             ; 0             ; 0             ; 0             ; 0             ; 0           ; 0               ; 0               ; 1        ;
; i2c.R_DATA7     ; 0            ; 0           ; 0           ; 0          ; 0           ; 0           ; 0           ; 0           ; 0           ; 0           ; 0           ; 0           ; 1           ; 0          ; 0             ; 0             ; 0             ; 0             ; 0             ; 0             ; 0             ; 0             ; 0           ; 0               ; 0          ; 0           ; 0           ; 0           ; 0           ; 0           ; 0           ; 0           ; 0           ; 0          ; 0             ; 0             ; 0             ; 0             ; 0             ; 0             ; 0             ; 0             ; 0            ; 0             ; 0             ; 0             ; 0             ; 0             ; 0             ; 0             ; 0             ; 0           ; 0               ; 0               ; 1        ;
; i2c.R_DATA6     ; 0            ; 0           ; 0           ; 0          ; 0           ; 0           ; 0           ; 0           ; 0           ; 0           ; 0           ; 1           ; 0           ; 0          ; 0             ; 0             ; 0             ; 0             ; 0             ; 0             ; 0             ; 0             ; 0           ; 0               ; 0          ; 0           ; 0           ; 0           ; 0           ; 0           ; 0           ; 0           ; 0           ; 0          ; 0             ; 0             ; 0             ; 0             ; 0             ; 0             ; 0             ; 0             ; 0            ; 0             ; 0             ; 0             ; 0             ; 0             ; 0             ; 0             ; 0             ; 0           ; 0               ; 0               ; 1        ;
; i2c.R_DATA5     ; 0            ; 0           ; 0           ; 0          ; 0           ; 0           ; 0           ; 0           ; 0           ; 0           ; 1           ; 0           ; 0           ; 0          ; 0             ; 0             ; 0             ; 0             ; 0             ; 0             ; 0             ; 0             ; 0           ; 0               ; 0          ; 0           ; 0           ; 0           ; 0           ; 0           ; 0           ; 0           ; 0           ; 0          ; 0             ; 0             ; 0             ; 0             ; 0             ; 0             ; 0             ; 0             ; 0            ; 0             ; 0             ; 0             ; 0             ; 0             ; 0             ; 0             ; 0             ; 0           ; 0               ; 0               ; 1        ;
; i2c.R_DATA4     ; 0            ; 0           ; 0           ; 0          ; 0           ; 0           ; 0           ; 0           ; 0           ; 1           ; 0           ; 0           ; 0           ; 0          ; 0             ; 0             ; 0             ; 0             ; 0             ; 0             ; 0             ; 0             ; 0           ; 0               ; 0          ; 0           ; 0           ; 0           ; 0           ; 0           ; 0           ; 0           ; 0           ; 0          ; 0             ; 0             ; 0             ; 0             ; 0             ; 0             ; 0             ; 0             ; 0            ; 0             ; 0             ; 0             ; 0             ; 0             ; 0             ; 0             ; 0             ; 0           ; 0               ; 0               ; 1        ;
; i2c.R_DATA3     ; 0            ; 0           ; 0           ; 0          ; 0           ; 0           ; 0           ; 0           ; 1           ; 0           ; 0           ; 0           ; 0           ; 0          ; 0             ; 0             ; 0             ; 0             ; 0             ; 0             ; 0             ; 0             ; 0           ; 0               ; 0          ; 0           ; 0           ; 0           ; 0           ; 0           ; 0           ; 0           ; 0           ; 0          ; 0             ; 0             ; 0             ; 0             ; 0             ; 0             ; 0             ; 0             ; 0            ; 0             ; 0             ; 0             ; 0             ; 0             ; 0             ; 0             ; 0             ; 0           ; 0               ; 0               ; 1        ;
; i2c.R_DATA2     ; 0            ; 0           ; 0           ; 0          ; 0           ; 0           ; 0           ; 1           ; 0           ; 0           ; 0           ; 0           ; 0           ; 0          ; 0             ; 0             ; 0             ; 0             ; 0             ; 0             ; 0             ; 0             ; 0           ; 0               ; 0          ; 0           ; 0           ; 0           ; 0           ; 0           ; 0           ; 0           ; 0           ; 0          ; 0             ; 0             ; 0             ; 0             ; 0             ; 0             ; 0             ; 0             ; 0            ; 0             ; 0             ; 0             ; 0             ; 0             ; 0             ; 0             ; 0             ; 0           ; 0               ; 0               ; 1        ;
; i2c.R_DATA1     ; 0            ; 0           ; 0           ; 0          ; 0           ; 0           ; 1           ; 0           ; 0           ; 0           ; 0           ; 0           ; 0           ; 0          ; 0             ; 0             ; 0             ; 0             ; 0             ; 0             ; 0             ; 0             ; 0           ; 0               ; 0          ; 0           ; 0           ; 0           ; 0           ; 0           ; 0           ; 0           ; 0           ; 0          ; 0             ; 0             ; 0             ; 0             ; 0             ; 0             ; 0             ; 0             ; 0            ; 0             ; 0             ; 0             ; 0             ; 0             ; 0             ; 0             ; 0             ; 0           ; 0               ; 0               ; 1        ;
; i2c.R_DATA0     ; 0            ; 0           ; 0           ; 0          ; 0           ; 1           ; 0           ; 0           ; 0           ; 0           ; 0           ; 0           ; 0           ; 0          ; 0             ; 0             ; 0             ; 0             ; 0             ; 0             ; 0             ; 0             ; 0           ; 0               ; 0          ; 0           ; 0           ; 0           ; 0           ; 0           ; 0           ; 0           ; 0           ; 0          ; 0             ; 0             ; 0             ; 0             ; 0             ; 0             ; 0             ; 0             ; 0            ; 0             ; 0             ; 0             ; 0             ; 0             ; 0             ; 0             ; 0             ; 0           ; 0               ; 0               ; 1        ;
; i2c.R_NOACK     ; 0            ; 0           ; 0           ; 0          ; 1           ; 0           ; 0           ; 0           ; 0           ; 0           ; 0           ; 0           ; 0           ; 0          ; 0             ; 0             ; 0             ; 0             ; 0             ; 0             ; 0             ; 0             ; 0           ; 0               ; 0          ; 0           ; 0           ; 0           ; 0           ; 0           ; 0           ; 0           ; 0           ; 0          ; 0             ; 0             ; 0             ; 0             ; 0             ; 0             ; 0             ; 0             ; 0            ; 0             ; 0             ; 0             ; 0             ; 0             ; 0             ; 0             ; 0             ; 0           ; 0               ; 0               ; 1        ;
; i2c.S_STOP      ; 0            ; 0           ; 0           ; 1          ; 0           ; 0           ; 0           ; 0           ; 0           ; 0           ; 0           ; 0           ; 0           ; 0          ; 0             ; 0             ; 0             ; 0             ; 0             ; 0             ; 0             ; 0             ; 0           ; 0               ; 0          ; 0           ; 0           ; 0           ; 0           ; 0           ; 0           ; 0           ; 0           ; 0          ; 0             ; 0             ; 0             ; 0             ; 0             ; 0             ; 0             ; 0             ; 0            ; 0             ; 0             ; 0             ; 0             ; 0             ; 0             ; 0             ; 0             ; 0           ; 0               ; 0               ; 1        ;
; i2c.S_STOP0     ; 0            ; 0           ; 1           ; 0          ; 0           ; 0           ; 0           ; 0           ; 0           ; 0           ; 0           ; 0           ; 0           ; 0          ; 0             ; 0             ; 0             ; 0             ; 0             ; 0             ; 0             ; 0             ; 0           ; 0               ; 0          ; 0           ; 0           ; 0           ; 0           ; 0           ; 0           ; 0           ; 0           ; 0          ; 0             ; 0             ; 0             ; 0             ; 0             ; 0             ; 0             ; 0             ; 0            ; 0             ; 0             ; 0             ; 0             ; 0             ; 0             ; 0             ; 0             ; 0           ; 0               ; 0               ; 1        ;
; i2c.S_STOP1     ; 0            ; 1           ; 0           ; 0          ; 0           ; 0           ; 0           ; 0           ; 0           ; 0           ; 0           ; 0           ; 0           ; 0          ; 0             ; 0             ; 0             ; 0             ; 0             ; 0             ; 0             ; 0             ; 0           ; 0               ; 0          ; 0           ; 0           ; 0           ; 0           ; 0           ; 0           ; 0           ; 0           ; 0          ; 0             ; 0             ; 0             ; 0             ; 0             ; 0             ; 0             ; 0             ; 0            ; 0             ; 0             ; 0             ; 0             ; 0             ; 0             ; 0             ; 0             ; 0           ; 0               ; 0               ; 1        ;
; i2c.W_OPOVER    ; 1            ; 0           ; 0           ; 0          ; 0           ; 0           ; 0           ; 0           ; 0           ; 0           ; 0           ; 0           ; 0           ; 0          ; 0             ; 0             ; 0             ; 0             ; 0             ; 0             ; 0             ; 0             ; 0           ; 0               ; 0          ; 0           ; 0           ; 0           ; 0           ; 0           ; 0           ; 0           ; 0           ; 0          ; 0             ; 0             ; 0             ; 0             ; 0             ; 0             ; 0             ; 0             ; 0            ; 0             ; 0             ; 0             ; 0             ; 0             ; 0             ; 0             ; 0             ; 0           ; 0               ; 0               ; 1        ;
+-----------------+--------------+-------------+-------------+------------+-------------+-------------+-------------+-------------+-------------+-------------+-------------+-------------+-------------+------------+---------------+---------------+---------------+---------------+---------------+---------------+---------------+---------------+-------------+-----------------+------------+-------------+-------------+-------------+-------------+-------------+-------------+-------------+-------------+------------+---------------+---------------+---------------+---------------+---------------+---------------+---------------+---------------+--------------+---------------+---------------+---------------+---------------+---------------+---------------+---------------+---------------+-------------+-----------------+-----------------+----------+


+------------------------------------------------------------+
; Registers Removed During Synthesis                         ;
+---------------------------------------+--------------------+
; Register name                         ; Reason for Removal ;
+---------------------------------------+--------------------+
; i2c~10                                ; Lost fanout        ;
; i2c~11                                ; Lost fanout        ;
; i2c~12                                ; Lost fanout        ;
; i2c~13                                ; Lost fanout        ;
; i2c~14                                ; Lost fanout        ;
; i2c~15                                ; Lost fanout        ;
; i2c~16                                ; Lost fanout        ;
; i2c~17                                ; Lost fanout        ;
; Total Number of Removed Registers = 8 ;                    ;
+---------------------------------------+--------------------+


+------------------------------------------------------+
; General Register Statistics                          ;
+----------------------------------------------+-------+
; Statistic                                    ; Value ;
+----------------------------------------------+-------+
; Total registers                              ; 96    ;
; Number of registers using Synchronous Clear  ; 21    ;
; Number of registers using Synchronous Load   ; 0     ;
; Number of registers using Asynchronous Clear ; 96    ;
; Number of registers using Asynchronous Load  ; 0     ;
; Number of registers using Clock Enable       ; 61    ;
; Number of registers using Preset             ; 0     ;
+----------------------------------------------+-------+


+--------------------------------------------------+
; Inverted Register Statistics                     ;
+----------------------------------------+---------+
; Inverted Register                      ; Fan out ;
+----------------------------------------+---------+
; scl~reg0                               ; 2       ;
; i2c_reg[7]                             ; 2       ;
; i2c_reg[6]                             ; 2       ;
; i2c_reg[5]                             ; 2       ;
; i2c_reg[4]                             ; 2       ;
; i2c_reg[3]                             ; 2       ;
; i2c_reg[2]                             ; 2       ;
; i2c_reg[1]                             ; 2       ;
; i2c_reg[0]                             ; 2       ;
; Total number of inverted registers = 9 ;         ;
+----------------------------------------+---------+


+------------------------------------------------------------------------------------------------------------------------------------------+
; Multiplexer Restructuring Statistics (Restructuring Performed)                                                                           ;
+--------------------+-----------+---------------+----------------------+------------------------+------------+----------------------------+
; Multiplexer Inputs ; Bus Width ; Baseline Area ; Area if Restructured ; Saving if Restructured ; Registered ; Example Multiplexer Output ;
+--------------------+-----------+---------------+----------------------+------------------------+------------+----------------------------+
; 3:1                ; 2 bits    ; 4 LEs         ; 2 LEs                ; 2 LEs                  ; Yes        ; |i2c|wr_op                 ;
; 10:1               ; 7 bits    ; 42 LEs        ; 42 LEs               ; 0 LEs                  ; Yes        ; |i2c|i2c_reg[7]            ;
+--------------------+-----------+---------------+----------------------+------------------------+------------+----------------------------+


+---------------------------------------------------------------------+
; Parameter Settings for User Entity Instance: Top-level Entity: |i2c ;
+----------------+----------+-----------------------------------------+
; Parameter Name ; Value    ; Type                                    ;
+----------------+----------+-----------------------------------------+
; IDLE           ; 00000000 ; Unsigned Binary                         ;
; WAIT_WTICK0    ; 00000001 ; Unsigned Binary                         ;
; WAIT_WTICK1    ; 00000010 ; Unsigned Binary                         ;
; W_START        ; 00000011 ; Unsigned Binary                         ;
; W_DEVICE7      ; 00000100 ; Unsigned Binary                         ;
; W_DEVICE6      ; 00000101 ; Unsigned Binary                         ;
; W_DEVICE5      ; 00000110 ; Unsigned Binary                         ;
; W_DEVICE4      ; 00000111 ; Unsigned Binary                         ;
; W_DEVICE3      ; 00001000 ; Unsigned Binary                         ;
; W_DEVICE2      ; 00001001 ; Unsigned Binary                         ;
; W_DEVICE1      ; 00001010 ; Unsigned Binary                         ;
; W_DEVICE0      ; 00001011 ; Unsigned Binary                         ;
; W_DEVACK       ; 00001100 ; Unsigned Binary                         ;
; W_ADDRES7      ; 00001101 ; Unsigned Binary                         ;
; W_ADDRES6      ; 00001110 ; Unsigned Binary                         ;
; W_ADDRES5      ; 00001111 ; Unsigned Binary                         ;
; W_ADDRES4      ; 00010000 ; Unsigned Binary                         ;
; W_ADDRES3      ; 00010001 ; Unsigned Binary                         ;
; W_ADDRES2      ; 00010010 ; Unsigned Binary                         ;
; W_ADDRES1      ; 00010011 ; Unsigned Binary                         ;
; W_ADDRES0      ; 00010100 ; Unsigned Binary                         ;
; W_AACK         ; 00010101 ; Unsigned Binary                         ;
; W_DATA7        ; 00010110 ; Unsigned Binary                         ;
; W_DATA6        ; 00010111 ; Unsigned Binary                         ;
; W_DATA5        ; 00011000 ; Unsigned Binary                         ;
; W_DATA4        ; 00011001 ; Unsigned Binary                         ;
; W_DATA3        ; 00011010 ; Unsigned Binary                         ;
; W_DATA2        ; 00011011 ; Unsigned Binary                         ;
; W_DATA1        ; 00011100 ; Unsigned Binary                         ;
; W_DATA0        ; 00011101 ; Unsigned Binary                         ;
; W_DACK         ; 00011110 ; Unsigned Binary                         ;
; WAIT_WTICK3    ; 00011111 ; Unsigned Binary                         ;
; R_START        ; 00100000 ; Unsigned Binary                         ;
; R_DEVICE7      ; 00100001 ; Unsigned Binary                         ;
; R_DEVICE6      ; 00100010 ; Unsigned Binary                         ;
; R_DEVICE5      ; 00100011 ; Unsigned Binary                         ;
; R_DEVICE4      ; 00100100 ; Unsigned Binary                         ;
; R_DEVICE3      ; 00100101 ; Unsigned Binary                         ;
; R_DEVICE2      ; 00100110 ; Unsigned Binary                         ;
; R_DEVICE1      ; 00100111 ; Unsigned Binary                         ;
; R_DEVICE0      ; 00101000 ; Unsigned Binary                         ;
; R_DACK         ; 00101001 ; Unsigned Binary                         ;
; R_DATA7        ; 00101010 ; Unsigned Binary                         ;
; R_DATA6        ; 00101011 ; Unsigned Binary                         ;
; R_DATA5        ; 00101100 ; Unsigned Binary                         ;
; R_DATA4        ; 00101101 ; Unsigned Binary                         ;
; R_DATA3        ; 00101110 ; Unsigned Binary                         ;
; R_DATA2        ; 00101111 ; Unsigned Binary                         ;
; R_DATA1        ; 00110000 ; Unsigned Binary                         ;
; R_DATA0        ; 00110001 ; Unsigned Binary                         ;
; R_NOACK        ; 00110010 ; Unsigned Binary                         ;
; S_STOP         ; 00110011 ; Unsigned Binary                         ;
; S_STOP0        ; 00110100 ; Unsigned Binary                         ;
; S_STOP1        ; 00110101 ; Unsigned Binary                         ;
; W_OPOVER       ; 00110110 ; Unsigned Binary                         ;
+----------------+----------+-----------------------------------------+
Note: In order to hide this table in the UI and the text report file, please set the "Show Parameter Settings Tables in Synthesis Report" option in "Analysis and Synthesis Settings -> More Settings" to "Off".


+-------------------------------+
; Analysis & Synthesis Messages ;
+-------------------------------+
Info: *******************************************************************
Info: Running Quartus II Analysis & Synthesis
    Info: Version 9.0 Build 184 04/29/2009 Service Pack 1 SJ Web Edition
    Info: Processing started: Fri Apr 07 11:19:51 2023
Info: Command: quartus_map --read_settings_files=on --write_settings_files=off i2c -c i2c
Info: Found 1 design units, including 1 entities, in source file ../../I2C_Rtl/i2c.v
    Info: Found entity 1: i2c
Warning (10236): Verilog HDL Implicit Net warning at i2c.v(203): created implicit net for "clr_scl"
Warning (10236): Verilog HDL Implicit Net warning at i2c.v(214): created implicit net for "start_clr"
Warning (10236): Verilog HDL Implicit Net warning at i2c.v(215): created implicit net for "ld_wdevice"
Warning (10236): Verilog HDL Implicit Net warning at i2c.v(216): created implicit net for "ld_waddres"
Warning (10236): Verilog HDL Implicit Net warning at i2c.v(217): created implicit net for "ld_wdata"
Warning (10236): Verilog HDL Implicit Net warning at i2c.v(218): created implicit net for "ld_rdevice"
Warning (10236): Verilog HDL Implicit Net warning at i2c.v(219): created implicit net for "noack_set"
Warning (10236): Verilog HDL Implicit Net warning at i2c.v(220): created implicit net for "stop_clr"
Warning (10236): Verilog HDL Implicit Net warning at i2c.v(221): created implicit net for "stop_set"
Warning (10236): Verilog HDL Implicit Net warning at i2c.v(223): created implicit net for "i2c_rlf"
Warning (10236): Verilog HDL Implicit Net warning at i2c.v(265): created implicit net for "sda_o"
Warning (10236): Verilog HDL Implicit Net warning at i2c.v(266): created implicit net for "clr_sdaen"
Warning (10236): Verilog HDL Implicit Net warning at i2c.v(274): created implicit net for "set_sdaen"
Warning (10236): Verilog HDL Implicit Net warning at i2c.v(290): created implicit net for "sda_wr"
Info: Elaborating entity "i2c" for the top level hierarchy
Info: Registers with preset signals will power-up high
Info: DEV_CLRn pin will set, and not reset, register with preset signal due to NOT Gate Push-Back
Info: 8 registers lost all their fanouts during netlist optimizations. The first 8 are displayed below.
    Info: Register "i2c~10" lost all its fanouts during netlist optimizations.
    Info: Register "i2c~11" lost all its fanouts during netlist optimizations.
    Info: Register "i2c~12" lost all its fanouts during netlist optimizations.
    Info: Register "i2c~13" lost all its fanouts during netlist optimizations.
    Info: Register "i2c~14" lost all its fanouts during netlist optimizations.
    Info: Register "i2c~15" lost all its fanouts during netlist optimizations.
    Info: Register "i2c~16" lost all its fanouts during netlist optimizations.
    Info: Register "i2c~17" lost all its fanouts during netlist optimizations.
Info: Implemented 191 device resources after synthesis - the final resource count might be different
    Info: Implemented 20 input pins
    Info: Implemented 10 output pins
    Info: Implemented 1 bidirectional pins
    Info: Implemented 160 logic cells
Info: Quartus II Analysis & Synthesis was successful. 0 errors, 14 warnings
    Info: Peak virtual memory: 232 megabytes
    Info: Processing ended: Fri Apr 07 11:19:52 2023
    Info: Elapsed time: 00:00:01
    Info: Total CPU time (on all processors): 00:00:01


