Classic Timing Analyzer report for i2c
Fri Apr 07 11:19:57 2023
Quartus II Version 9.0 Build 184 04/29/2009 Service Pack 1 SJ Web Edition


---------------------
; Table of Contents ;
---------------------
  1. Legal Notice
  2. Timing Analyzer Summary
  3. Timing Analyzer Settings
  4. Clock Settings Summary
  5. Parallel Compilation
  6. Clock Setup: 'clk'
  7. tsu
  8. tco
  9. th
 10. Timing Analyzer Messages



----------------
; Legal Notice ;
----------------
Copyright (C) 1991-2009 Altera Corporation
Your use of Altera Corporation's design tools, logic functions 
and other software and tools, and its AMPP partner logic 
functions, and any output files from any of the foregoing 
(including device programming or simulation files), and any 
associated documentation or information are expressly subject 
to the terms and conditions of the Altera Program License 
Subscription Agreement, Altera MegaCore Function License 
Agreement, or other applicable license agreement, including, 
without limitation, that your use is for the sole purpose of 
programming logic devices manufactured by Altera and sold by 
Altera or its authorized distributors.  Please refer to the 
applicable agreement for further details.



+-------------------------------------------------------------------------------------------------------------------------------------------------------------------+
; Timing Analyzer Summary                                                                                                                                           ;
+------------------------------+-------+---------------+----------------------------------+-------------------+--------------+------------+----------+--------------+
; Type                         ; Slack ; Required Time ; Actual Time                      ; From              ; To           ; From Clock ; To Clock ; Failed Paths ;
+------------------------------+-------+---------------+----------------------------------+-------------------+--------------+------------+----------+--------------+
; Worst-case tsu               ; N/A   ; None          ; 8.666 ns                         ; write_data[7]     ; i2c_reg[7]   ; --         ; clk      ; 0            ;
; Worst-case tco               ; N/A   ; None          ; 10.290 ns                        ; read_data[2]~reg0 ; read_data[2] ; clk        ; --       ; 0            ;
; Worst-case th                ; N/A   ; None          ; -4.467 ns                        ; read_op           ; rd_op        ; --         ; clk      ; 0            ;
; Clock Setup: 'clk'           ; N/A   ; None          ; 95.50 MHz ( period = 10.471 ns ) ; i2c.W_DATA7       ; i2c_reg[1]   ; clk        ; clk      ; 0            ;
; Total number of failed paths ;       ;               ;                                  ;                   ;              ;            ;          ; 0            ;
+------------------------------+-------+---------------+----------------------------------+-------------------+--------------+------------+----------+--------------+


+--------------------------------------------------------------------------------------------------------------------+
; Timing Analyzer Settings                                                                                           ;
+---------------------------------------------------------------------+--------------------+------+----+-------------+
; Option                                                              ; Setting            ; From ; To ; Entity Name ;
+---------------------------------------------------------------------+--------------------+------+----+-------------+
; Device Name                                                         ; EP2C5T144C8        ;      ;    ;             ;
; Timing Models                                                       ; Final              ;      ;    ;             ;
; Default hold multicycle                                             ; Same as Multicycle ;      ;    ;             ;
; Cut paths between unrelated clock domains                           ; On                 ;      ;    ;             ;
; Cut off read during write signal paths                              ; On                 ;      ;    ;             ;
; Cut off feedback from I/O pins                                      ; On                 ;      ;    ;             ;
; Report Combined Fast/Slow Timing                                    ; Off                ;      ;    ;             ;
; Ignore Clock Settings                                               ; Off                ;      ;    ;             ;
; Analyze latches as synchronous elements                             ; On                 ;      ;    ;             ;
; Enable Recovery/Removal analysis                                    ; Off                ;      ;    ;             ;
; Enable Clock Latency                                                ; Off                ;      ;    ;             ;
; Use TimeQuest Timing Analyzer                                       ; Off                ;      ;    ;             ;
; Minimum Core Junction Temperature                                   ; 0                  ;      ;    ;             ;
; Maximum Core Junction Temperature                                   ; 85                 ;      ;    ;             ;
; Number of source nodes to report per destination node               ; 10                 ;      ;    ;             ;
; Number of destination nodes to report                               ; 10                 ;      ;    ;             ;
; Number of paths to report                                           ; 200                ;      ;    ;             ;
; Report Minimum Timing Checks                                        ; Off                ;      ;    ;             ;
; Use Fast Timing Models                                              ; Off                ;      ;    ;             ;
; Report IO Paths Separately                                          ; Off                ;      ;    ;             ;
; Perform Multicorner Analysis                                        ; On                 ;      ;    ;             ;
; Reports the worst-case path for each clock domain and analysis      ; Off                ;      ;    ;             ;
; Removes common clock path pessimism (CCPP) during slack computation ; Off                ;      ;    ;             ;
; Output I/O Timing Endpoint                                          ; Near End           ;      ;    ;             ;
+---------------------------------------------------------------------+--------------------+------+----+-------------+


+------------------------------------------------------------------------------------------------------------------------------------------------------------------------------------+
; Clock Settings Summary                                                                                                                                                             ;
+-----------------+--------------------+----------+------------------+---------------+--------------+----------+-----------------------+---------------------+--------+--------------+
; Clock Node Name ; Clock Setting Name ; Type     ; Fmax Requirement ; Early Latency ; Late Latency ; Based on ; Multiply Base Fmax by ; Divide Base Fmax by ; Offset ; Phase offset ;
+-----------------+--------------------+----------+------------------+---------------+--------------+----------+-----------------------+---------------------+--------+--------------+
; clk             ;                    ; User Pin ; None             ; 0.000 ns      ; 0.000 ns     ; --       ; N/A                   ; N/A                 ; N/A    ;              ;
+-----------------+--------------------+----------+------------------+---------------+--------------+----------+-----------------------+---------------------+--------+--------------+


Parallel compilation was disabled, but you have multiple processors available. Enable parallel compilation to reduce compilation time.
+-------------------------------------+
; Parallel Compilation                ;
+----------------------------+--------+
; Processors                 ; Number ;
+----------------------------+--------+
; Number detected on machine ; 4      ;
; Maximum allowed            ; 1      ;
+----------------------------+--------+


+------------------------------------------------------------------------------------------------------------------------------------------------------------------------------------------------------------------------------------------+
; Clock Setup: 'clk'                                                                                                                                                                                                                       ;
+-----------------------------------------+-----------------------------------------------------+-----------------+------------+------------+----------+-----------------------------+---------------------------+-------------------------+
; Slack                                   ; Actual fmax (period)                                ; From            ; To         ; From Clock ; To Clock ; Required Setup Relationship ; Required Longest P2P Time ; Actual Longest P2P Time ;
+-----------------------------------------+-----------------------------------------------------+-----------------+------------+------------+----------+-----------------------------+---------------------------+-------------------------+
; N/A                                     ; 95.50 MHz ( period = 10.471 ns )                    ; i2c.W_DATA7     ; i2c_reg[1] ; clk        ; clk      ; None                        ; None                      ; 10.205 ns               ;
; N/A                                     ; 102.67 MHz ( period = 9.740 ns )                    ; div_cnt[6]      ; i2c_reg[1] ; clk        ; clk      ; None                        ; None                      ; 9.472 ns                ;
; N/A                                     ; 102.88 MHz ( period = 9.720 ns )                    ; i2c.W_DATA7     ; i2c_reg[7] ; clk        ; clk      ; None                        ; None                      ; 9.465 ns                ;
; N/A                                     ; 102.88 MHz ( period = 9.720 ns )                    ; i2c.W_DATA7     ; i2c_reg[4] ; clk        ; clk      ; None                        ; None                      ; 9.465 ns                ;
; N/A                                     ; 102.90 MHz ( period = 9.718 ns )                    ; i2c.W_DATA7     ; i2c_reg[6] ; clk        ; clk      ; None                        ; None                      ; 9.463 ns                ;
; N/A                                     ; 102.90 MHz ( period = 9.718 ns )                    ; i2c.W_DATA7     ; i2c_reg[3] ; clk        ; clk      ; None                        ; None                      ; 9.463 ns                ;
; N/A                                     ; 102.91 MHz ( period = 9.717 ns )                    ; i2c.W_DATA7     ; i2c_reg[5] ; clk        ; clk      ; None                        ; None                      ; 9.462 ns                ;
; N/A                                     ; 102.91 MHz ( period = 9.717 ns )                    ; i2c.W_DATA7     ; i2c_reg[2] ; clk        ; clk      ; None                        ; None                      ; 9.462 ns                ;
; N/A                                     ; 104.22 MHz ( period = 9.595 ns )                    ; i2c.W_ADDRES7   ; i2c_reg[1] ; clk        ; clk      ; None                        ; None                      ; 9.326 ns                ;
; N/A                                     ; 104.96 MHz ( period = 9.527 ns )                    ; i2c.R_DATA7     ; i2c_reg[5] ; clk        ; clk      ; None                        ; None                      ; 9.269 ns                ;
; N/A                                     ; 105.82 MHz ( period = 9.450 ns )                    ; i2c.R_DEVICE7   ; i2c_reg[1] ; clk        ; clk      ; None                        ; None                      ; 9.181 ns                ;
; N/A                                     ; 106.13 MHz ( period = 9.422 ns )                    ; div_cnt[5]      ; i2c_reg[1] ; clk        ; clk      ; None                        ; None                      ; 9.154 ns                ;
; N/A                                     ; 107.90 MHz ( period = 9.268 ns )                    ; i2c.R_NOACK     ; i2c_reg[1] ; clk        ; clk      ; None                        ; None                      ; 8.999 ns                ;
; N/A                                     ; 108.48 MHz ( period = 9.218 ns )                    ; i2c.R_DATA6     ; i2c_reg[5] ; clk        ; clk      ; None                        ; None                      ; 8.960 ns                ;
; N/A                                     ; 109.17 MHz ( period = 9.160 ns )                    ; i2c.R_DATA7     ; i2c_reg[3] ; clk        ; clk      ; None                        ; None                      ; 8.902 ns                ;
; N/A                                     ; 109.60 MHz ( period = 9.124 ns )                    ; i2c.S_STOP0     ; i2c_reg[5] ; clk        ; clk      ; None                        ; None                      ; 8.874 ns                ;
; N/A                                     ; 109.96 MHz ( period = 9.094 ns )                    ; div_cnt[7]      ; i2c_reg[1] ; clk        ; clk      ; None                        ; None                      ; 8.826 ns                ;
; N/A                                     ; 110.57 MHz ( period = 9.044 ns )                    ; i2c.R_DATA7     ; i2c_reg[2] ; clk        ; clk      ; None                        ; None                      ; 8.786 ns                ;
; N/A                                     ; 110.86 MHz ( period = 9.020 ns )                    ; i2c.R_DATA7     ; i2c_reg[1] ; clk        ; clk      ; None                        ; None                      ; 8.751 ns                ;
; N/A                                     ; 110.95 MHz ( period = 9.013 ns )                    ; i2c.W_AACK      ; i2c_reg[5] ; clk        ; clk      ; None                        ; None                      ; 8.754 ns                ;
; N/A                                     ; 111.02 MHz ( period = 9.007 ns )                    ; i2c.R_DATA0     ; i2c_reg[5] ; clk        ; clk      ; None                        ; None                      ; 8.749 ns                ;
; N/A                                     ; 111.25 MHz ( period = 8.989 ns )                    ; div_cnt[6]      ; i2c_reg[7] ; clk        ; clk      ; None                        ; None                      ; 8.732 ns                ;
; N/A                                     ; 111.25 MHz ( period = 8.989 ns )                    ; div_cnt[6]      ; i2c_reg[4] ; clk        ; clk      ; None                        ; None                      ; 8.732 ns                ;
; N/A                                     ; 111.27 MHz ( period = 8.987 ns )                    ; div_cnt[6]      ; i2c_reg[6] ; clk        ; clk      ; None                        ; None                      ; 8.730 ns                ;
; N/A                                     ; 111.27 MHz ( period = 8.987 ns )                    ; div_cnt[6]      ; i2c_reg[3] ; clk        ; clk      ; None                        ; None                      ; 8.730 ns                ;
; N/A                                     ; 111.28 MHz ( period = 8.986 ns )                    ; div_cnt[6]      ; i2c_reg[5] ; clk        ; clk      ; None                        ; None                      ; 8.729 ns                ;
; N/A                                     ; 111.28 MHz ( period = 8.986 ns )                    ; div_cnt[6]      ; i2c_reg[2] ; clk        ; clk      ; None                        ; None                      ; 8.729 ns                ;
; N/A                                     ; 111.31 MHz ( period = 8.984 ns )                    ; i2c.W_DEVACK    ; i2c_reg[5] ; clk        ; clk      ; None                        ; None                      ; 8.725 ns                ;
; N/A                                     ; 111.43 MHz ( period = 8.974 ns )                    ; i2c.R_DATA7     ; i2c_reg[4] ; clk        ; clk      ; None                        ; None                      ; 8.716 ns                ;
; N/A                                     ; 111.52 MHz ( period = 8.967 ns )                    ; i2c.WAIT_WTICK0 ; i2c_reg[5] ; clk        ; clk      ; None                        ; None                      ; 8.717 ns                ;
; N/A                                     ; 111.82 MHz ( period = 8.943 ns )                    ; i2c.R_DATA3     ; i2c_reg[5] ; clk        ; clk      ; None                        ; None                      ; 8.688 ns                ;
; N/A                                     ; 112.12 MHz ( period = 8.919 ns )                    ; i2c.S_STOP1     ; i2c_reg[5] ; clk        ; clk      ; None                        ; None                      ; 8.669 ns                ;
; N/A                                     ; 112.98 MHz ( period = 8.851 ns )                    ; i2c.R_DATA6     ; i2c_reg[3] ; clk        ; clk      ; None                        ; None                      ; 8.593 ns                ;
; N/A                                     ; 113.07 MHz ( period = 8.844 ns )                    ; i2c.W_ADDRES7   ; i2c_reg[7] ; clk        ; clk      ; None                        ; None                      ; 8.586 ns                ;
; N/A                                     ; 113.07 MHz ( period = 8.844 ns )                    ; i2c.W_ADDRES7   ; i2c_reg[4] ; clk        ; clk      ; None                        ; None                      ; 8.586 ns                ;
; N/A                                     ; 113.10 MHz ( period = 8.842 ns )                    ; i2c.W_ADDRES7   ; i2c_reg[6] ; clk        ; clk      ; None                        ; None                      ; 8.584 ns                ;
; N/A                                     ; 113.10 MHz ( period = 8.842 ns )                    ; i2c.W_ADDRES7   ; i2c_reg[3] ; clk        ; clk      ; None                        ; None                      ; 8.584 ns                ;
; N/A                                     ; 113.11 MHz ( period = 8.841 ns )                    ; i2c.W_ADDRES7   ; i2c_reg[5] ; clk        ; clk      ; None                        ; None                      ; 8.583 ns                ;
; N/A                                     ; 113.11 MHz ( period = 8.841 ns )                    ; i2c.W_ADDRES7   ; i2c_reg[2] ; clk        ; clk      ; None                        ; None                      ; 8.583 ns                ;
; N/A                                     ; 113.78 MHz ( period = 8.789 ns )                    ; div_cnt[6]      ; div_cnt[2] ; clk        ; clk      ; None                        ; None                      ; 8.525 ns                ;
; N/A                                     ; 113.78 MHz ( period = 8.789 ns )                    ; div_cnt[6]      ; div_cnt[1] ; clk        ; clk      ; None                        ; None                      ; 8.525 ns                ;
; N/A                                     ; 113.78 MHz ( period = 8.789 ns )                    ; div_cnt[6]      ; div_cnt[4] ; clk        ; clk      ; None                        ; None                      ; 8.525 ns                ;
; N/A                                     ; 113.78 MHz ( period = 8.789 ns )                    ; div_cnt[6]      ; div_cnt[3] ; clk        ; clk      ; None                        ; None                      ; 8.525 ns                ;
; N/A                                     ; 113.78 MHz ( period = 8.789 ns )                    ; div_cnt[6]      ; div_cnt[0] ; clk        ; clk      ; None                        ; None                      ; 8.525 ns                ;
; N/A                                     ; 113.78 MHz ( period = 8.789 ns )                    ; div_cnt[6]      ; div_cnt[6] ; clk        ; clk      ; None                        ; None                      ; 8.525 ns                ;
; N/A                                     ; 113.78 MHz ( period = 8.789 ns )                    ; div_cnt[6]      ; div_cnt[5] ; clk        ; clk      ; None                        ; None                      ; 8.525 ns                ;
; N/A                                     ; 113.78 MHz ( period = 8.789 ns )                    ; div_cnt[6]      ; div_cnt[7] ; clk        ; clk      ; None                        ; None                      ; 8.525 ns                ;
; N/A                                     ; 114.19 MHz ( period = 8.757 ns )                    ; i2c.S_STOP0     ; i2c_reg[3] ; clk        ; clk      ; None                        ; None                      ; 8.507 ns                ;
; N/A                                     ; 114.48 MHz ( period = 8.735 ns )                    ; i2c.R_DATA6     ; i2c_reg[2] ; clk        ; clk      ; None                        ; None                      ; 8.477 ns                ;
; N/A                                     ; 114.80 MHz ( period = 8.711 ns )                    ; i2c.R_DATA6     ; i2c_reg[1] ; clk        ; clk      ; None                        ; None                      ; 8.442 ns                ;
; N/A                                     ; 114.96 MHz ( period = 8.699 ns )                    ; i2c.R_DEVICE7   ; i2c_reg[7] ; clk        ; clk      ; None                        ; None                      ; 8.441 ns                ;
; N/A                                     ; 114.96 MHz ( period = 8.699 ns )                    ; i2c.R_DEVICE7   ; i2c_reg[4] ; clk        ; clk      ; None                        ; None                      ; 8.441 ns                ;
; N/A                                     ; 114.98 MHz ( period = 8.697 ns )                    ; i2c.R_DEVICE7   ; i2c_reg[6] ; clk        ; clk      ; None                        ; None                      ; 8.439 ns                ;
; N/A                                     ; 114.98 MHz ( period = 8.697 ns )                    ; i2c.R_DEVICE7   ; i2c_reg[3] ; clk        ; clk      ; None                        ; None                      ; 8.439 ns                ;
; N/A                                     ; 115.00 MHz ( period = 8.696 ns )                    ; i2c.R_DEVICE7   ; i2c_reg[5] ; clk        ; clk      ; None                        ; None                      ; 8.438 ns                ;
; N/A                                     ; 115.00 MHz ( period = 8.696 ns )                    ; i2c.R_DEVICE7   ; i2c_reg[2] ; clk        ; clk      ; None                        ; None                      ; 8.438 ns                ;
; N/A                                     ; 115.09 MHz ( period = 8.689 ns )                    ; i2c.R_DATA4     ; i2c_reg[5] ; clk        ; clk      ; None                        ; None                      ; 8.434 ns                ;
; N/A                                     ; 115.33 MHz ( period = 8.671 ns )                    ; div_cnt[5]      ; i2c_reg[7] ; clk        ; clk      ; None                        ; None                      ; 8.414 ns                ;
; N/A                                     ; 115.33 MHz ( period = 8.671 ns )                    ; div_cnt[5]      ; i2c_reg[4] ; clk        ; clk      ; None                        ; None                      ; 8.414 ns                ;
; N/A                                     ; 115.35 MHz ( period = 8.669 ns )                    ; div_cnt[5]      ; i2c_reg[6] ; clk        ; clk      ; None                        ; None                      ; 8.412 ns                ;
; N/A                                     ; 115.35 MHz ( period = 8.669 ns )                    ; div_cnt[5]      ; i2c_reg[3] ; clk        ; clk      ; None                        ; None                      ; 8.412 ns                ;
; N/A                                     ; 115.37 MHz ( period = 8.668 ns )                    ; div_cnt[5]      ; i2c_reg[5] ; clk        ; clk      ; None                        ; None                      ; 8.411 ns                ;
; N/A                                     ; 115.37 MHz ( period = 8.668 ns )                    ; div_cnt[5]      ; i2c_reg[2] ; clk        ; clk      ; None                        ; None                      ; 8.411 ns                ;
; N/A                                     ; 115.41 MHz ( period = 8.665 ns )                    ; i2c.R_DATA6     ; i2c_reg[4] ; clk        ; clk      ; None                        ; None                      ; 8.407 ns                ;
; N/A                                     ; 115.66 MHz ( period = 8.646 ns )                    ; i2c.R_DACK      ; i2c_reg[5] ; clk        ; clk      ; None                        ; None                      ; 8.387 ns                ;
; N/A                                     ; 115.66 MHz ( period = 8.646 ns )                    ; i2c.W_AACK      ; i2c_reg[3] ; clk        ; clk      ; None                        ; None                      ; 8.387 ns                ;
; N/A                                     ; 115.73 MHz ( period = 8.641 ns )                    ; i2c.S_STOP0     ; i2c_reg[2] ; clk        ; clk      ; None                        ; None                      ; 8.391 ns                ;
; N/A                                     ; 115.74 MHz ( period = 8.640 ns )                    ; i2c.IDLE        ; i2c_reg[5] ; clk        ; clk      ; None                        ; None                      ; 8.390 ns                ;
; N/A                                     ; 115.74 MHz ( period = 8.640 ns )                    ; i2c.R_DATA0     ; i2c_reg[3] ; clk        ; clk      ; None                        ; None                      ; 8.382 ns                ;
; N/A                                     ; 115.75 MHz ( period = 8.639 ns )                    ; i2c.R_DATA7     ; i2c_reg[7] ; clk        ; clk      ; None                        ; None                      ; 8.381 ns                ;
; N/A                                     ; 115.81 MHz ( period = 8.635 ns )                    ; div_cnt[2]      ; i2c_reg[1] ; clk        ; clk      ; None                        ; None                      ; 8.367 ns                ;
; N/A                                     ; 115.90 MHz ( period = 8.628 ns )                    ; i2c.WAIT_WTICK3 ; i2c_reg[5] ; clk        ; clk      ; None                        ; None                      ; 8.378 ns                ;
; N/A                                     ; 116.05 MHz ( period = 8.617 ns )                    ; i2c.W_DEVACK    ; i2c_reg[3] ; clk        ; clk      ; None                        ; None                      ; 8.358 ns                ;
; N/A                                     ; 116.05 MHz ( period = 8.617 ns )                    ; i2c.S_STOP0     ; i2c_reg[1] ; clk        ; clk      ; None                        ; None                      ; 8.356 ns                ;
; N/A                                     ; 116.21 MHz ( period = 8.605 ns )                    ; i2c.WAIT_WTICK1 ; i2c_reg[5] ; clk        ; clk      ; None                        ; None                      ; 8.355 ns                ;
; N/A                                     ; 116.28 MHz ( period = 8.600 ns )                    ; i2c.R_DATA7     ; i2c_reg[6] ; clk        ; clk      ; None                        ; None                      ; 8.342 ns                ;
; N/A                                     ; 116.28 MHz ( period = 8.600 ns )                    ; i2c.WAIT_WTICK0 ; i2c_reg[3] ; clk        ; clk      ; None                        ; None                      ; 8.350 ns                ;
; N/A                                     ; 116.60 MHz ( period = 8.576 ns )                    ; i2c.R_DATA3     ; i2c_reg[3] ; clk        ; clk      ; None                        ; None                      ; 8.321 ns                ;
; N/A                                     ; 116.67 MHz ( period = 8.571 ns )                    ; i2c.S_STOP0     ; i2c_reg[4] ; clk        ; clk      ; None                        ; None                      ; 8.321 ns                ;
; N/A                                     ; 116.93 MHz ( period = 8.552 ns )                    ; i2c.S_STOP1     ; i2c_reg[3] ; clk        ; clk      ; None                        ; None                      ; 8.302 ns                ;
; N/A                                     ; 117.23 MHz ( period = 8.530 ns )                    ; i2c.W_AACK      ; i2c_reg[2] ; clk        ; clk      ; None                        ; None                      ; 8.271 ns                ;
; N/A                                     ; 117.32 MHz ( period = 8.524 ns )                    ; i2c.R_DATA0     ; i2c_reg[2] ; clk        ; clk      ; None                        ; None                      ; 8.266 ns                ;
; N/A                                     ; 117.36 MHz ( period = 8.521 ns )                    ; div_cnt[4]      ; i2c_reg[5] ; clk        ; clk      ; None                        ; None                      ; 8.264 ns                ;
; N/A                                     ; 117.41 MHz ( period = 8.517 ns )                    ; i2c.R_NOACK     ; i2c_reg[7] ; clk        ; clk      ; None                        ; None                      ; 8.259 ns                ;
; N/A                                     ; 117.41 MHz ( period = 8.517 ns )                    ; i2c.R_NOACK     ; i2c_reg[4] ; clk        ; clk      ; None                        ; None                      ; 8.259 ns                ;
; N/A                                     ; 117.44 MHz ( period = 8.515 ns )                    ; i2c.R_NOACK     ; i2c_reg[6] ; clk        ; clk      ; None                        ; None                      ; 8.257 ns                ;
; N/A                                     ; 117.44 MHz ( period = 8.515 ns )                    ; i2c.R_NOACK     ; i2c_reg[3] ; clk        ; clk      ; None                        ; None                      ; 8.257 ns                ;
; N/A                                     ; 117.45 MHz ( period = 8.514 ns )                    ; i2c.R_NOACK     ; i2c_reg[5] ; clk        ; clk      ; None                        ; None                      ; 8.256 ns                ;
; N/A                                     ; 117.45 MHz ( period = 8.514 ns )                    ; i2c.R_NOACK     ; i2c_reg[2] ; clk        ; clk      ; None                        ; None                      ; 8.256 ns                ;
; N/A                                     ; 117.56 MHz ( period = 8.506 ns )                    ; i2c.W_AACK      ; i2c_reg[1] ; clk        ; clk      ; None                        ; None                      ; 8.236 ns                ;
; N/A                                     ; 117.63 MHz ( period = 8.501 ns )                    ; i2c.W_DEVACK    ; i2c_reg[2] ; clk        ; clk      ; None                        ; None                      ; 8.242 ns                ;
; N/A                                     ; 117.65 MHz ( period = 8.500 ns )                    ; i2c.R_DATA0     ; i2c_reg[1] ; clk        ; clk      ; None                        ; None                      ; 8.231 ns                ;
; N/A                                     ; 117.87 MHz ( period = 8.484 ns )                    ; i2c.WAIT_WTICK0 ; i2c_reg[2] ; clk        ; clk      ; None                        ; None                      ; 8.234 ns                ;
; N/A                                     ; 117.97 MHz ( period = 8.477 ns )                    ; i2c.W_DEVACK    ; i2c_reg[1] ; clk        ; clk      ; None                        ; None                      ; 8.207 ns                ;
; N/A                                     ; 118.05 MHz ( period = 8.471 ns )                    ; div_cnt[5]      ; div_cnt[2] ; clk        ; clk      ; None                        ; None                      ; 8.207 ns                ;
; N/A                                     ; 118.05 MHz ( period = 8.471 ns )                    ; div_cnt[5]      ; div_cnt[1] ; clk        ; clk      ; None                        ; None                      ; 8.207 ns                ;
; N/A                                     ; 118.05 MHz ( period = 8.471 ns )                    ; div_cnt[5]      ; div_cnt[4] ; clk        ; clk      ; None                        ; None                      ; 8.207 ns                ;
; N/A                                     ; 118.05 MHz ( period = 8.471 ns )                    ; div_cnt[5]      ; div_cnt[3] ; clk        ; clk      ; None                        ; None                      ; 8.207 ns                ;
; N/A                                     ; 118.05 MHz ( period = 8.471 ns )                    ; div_cnt[5]      ; div_cnt[0] ; clk        ; clk      ; None                        ; None                      ; 8.207 ns                ;
; N/A                                     ; 118.05 MHz ( period = 8.471 ns )                    ; div_cnt[5]      ; div_cnt[6] ; clk        ; clk      ; None                        ; None                      ; 8.207 ns                ;
; N/A                                     ; 118.05 MHz ( period = 8.471 ns )                    ; div_cnt[5]      ; div_cnt[5] ; clk        ; clk      ; None                        ; None                      ; 8.207 ns                ;
; N/A                                     ; 118.05 MHz ( period = 8.471 ns )                    ; div_cnt[5]      ; div_cnt[7] ; clk        ; clk      ; None                        ; None                      ; 8.207 ns                ;
; N/A                                     ; 118.06 MHz ( period = 8.470 ns )                    ; i2c.W_OPOVER    ; i2c_reg[5] ; clk        ; clk      ; None                        ; None                      ; 8.220 ns                ;
; N/A                                     ; 118.19 MHz ( period = 8.461 ns )                    ; div_cnt[1]      ; i2c_reg[1] ; clk        ; clk      ; None                        ; None                      ; 8.193 ns                ;
; N/A                                     ; 118.20 MHz ( period = 8.460 ns )                    ; i2c.W_AACK      ; i2c_reg[4] ; clk        ; clk      ; None                        ; None                      ; 8.201 ns                ;
; N/A                                     ; 118.20 MHz ( period = 8.460 ns )                    ; i2c.R_DATA3     ; i2c_reg[2] ; clk        ; clk      ; None                        ; None                      ; 8.205 ns                ;
; N/A                                     ; 118.20 MHz ( period = 8.460 ns )                    ; i2c.WAIT_WTICK0 ; i2c_reg[1] ; clk        ; clk      ; None                        ; None                      ; 8.199 ns                ;
; N/A                                     ; 118.29 MHz ( period = 8.454 ns )                    ; i2c.R_DATA0     ; i2c_reg[4] ; clk        ; clk      ; None                        ; None                      ; 8.196 ns                ;
; N/A                                     ; 118.54 MHz ( period = 8.436 ns )                    ; i2c.S_STOP1     ; i2c_reg[2] ; clk        ; clk      ; None                        ; None                      ; 8.186 ns                ;
; N/A                                     ; 118.54 MHz ( period = 8.436 ns )                    ; i2c.R_DATA3     ; i2c_reg[1] ; clk        ; clk      ; None                        ; None                      ; 8.170 ns                ;
; N/A                                     ; 118.61 MHz ( period = 8.431 ns )                    ; i2c.W_DEVACK    ; i2c_reg[4] ; clk        ; clk      ; None                        ; None                      ; 8.172 ns                ;
; N/A                                     ; 118.74 MHz ( period = 8.422 ns )                    ; div_cnt[0]      ; i2c_reg[1] ; clk        ; clk      ; None                        ; None                      ; 8.154 ns                ;
; N/A                                     ; 118.85 MHz ( period = 8.414 ns )                    ; i2c.WAIT_WTICK0 ; i2c_reg[4] ; clk        ; clk      ; None                        ; None                      ; 8.164 ns                ;
; N/A                                     ; 118.88 MHz ( period = 8.412 ns )                    ; i2c.S_STOP1     ; i2c_reg[1] ; clk        ; clk      ; None                        ; None                      ; 8.151 ns                ;
; N/A                                     ; 119.01 MHz ( period = 8.403 ns )                    ; i2c.S_STOP      ; i2c_reg[5] ; clk        ; clk      ; None                        ; None                      ; 8.153 ns                ;
; N/A                                     ; 119.12 MHz ( period = 8.395 ns )                    ; i2c.W_DACK      ; i2c_reg[5] ; clk        ; clk      ; None                        ; None                      ; 8.136 ns                ;
; N/A                                     ; 119.19 MHz ( period = 8.390 ns )                    ; i2c.R_DATA3     ; i2c_reg[4] ; clk        ; clk      ; None                        ; None                      ; 8.135 ns                ;
; N/A                                     ; 119.53 MHz ( period = 8.366 ns )                    ; i2c.S_STOP1     ; i2c_reg[4] ; clk        ; clk      ; None                        ; None                      ; 8.116 ns                ;
; N/A                                     ; 119.57 MHz ( period = 8.363 ns )                    ; div_cnt[0]      ; i2c_reg[5] ; clk        ; clk      ; None                        ; None                      ; 8.106 ns                ;
; N/A                                     ; 119.86 MHz ( period = 8.343 ns )                    ; div_cnt[7]      ; i2c_reg[7] ; clk        ; clk      ; None                        ; None                      ; 8.086 ns                ;
; N/A                                     ; 119.86 MHz ( period = 8.343 ns )                    ; div_cnt[7]      ; i2c_reg[4] ; clk        ; clk      ; None                        ; None                      ; 8.086 ns                ;
; N/A                                     ; 119.89 MHz ( period = 8.341 ns )                    ; div_cnt[7]      ; i2c_reg[6] ; clk        ; clk      ; None                        ; None                      ; 8.084 ns                ;
; N/A                                     ; 119.89 MHz ( period = 8.341 ns )                    ; div_cnt[7]      ; i2c_reg[3] ; clk        ; clk      ; None                        ; None                      ; 8.084 ns                ;
; N/A                                     ; 119.90 MHz ( period = 8.340 ns )                    ; div_cnt[7]      ; i2c_reg[5] ; clk        ; clk      ; None                        ; None                      ; 8.083 ns                ;
; N/A                                     ; 119.90 MHz ( period = 8.340 ns )                    ; div_cnt[7]      ; i2c_reg[2] ; clk        ; clk      ; None                        ; None                      ; 8.083 ns                ;
; N/A                                     ; 120.05 MHz ( period = 8.330 ns )                    ; i2c.R_DATA6     ; i2c_reg[7] ; clk        ; clk      ; None                        ; None                      ; 8.072 ns                ;
; N/A                                     ; 120.16 MHz ( period = 8.322 ns )                    ; i2c.R_DATA4     ; i2c_reg[3] ; clk        ; clk      ; None                        ; None                      ; 8.067 ns                ;
; N/A                                     ; 120.61 MHz ( period = 8.291 ns )                    ; i2c.R_DATA6     ; i2c_reg[6] ; clk        ; clk      ; None                        ; None                      ; 8.033 ns                ;
; N/A                                     ; 120.77 MHz ( period = 8.280 ns )                    ; div_cnt[4]      ; i2c_reg[1] ; clk        ; clk      ; None                        ; None                      ; 8.012 ns                ;
; N/A                                     ; 120.79 MHz ( period = 8.279 ns )                    ; i2c.R_DACK      ; i2c_reg[3] ; clk        ; clk      ; None                        ; None                      ; 8.020 ns                ;
; N/A                                     ; 120.88 MHz ( period = 8.273 ns )                    ; i2c.IDLE        ; i2c_reg[3] ; clk        ; clk      ; None                        ; None                      ; 8.023 ns                ;
; N/A                                     ; 121.05 MHz ( period = 8.261 ns )                    ; i2c.WAIT_WTICK3 ; i2c_reg[3] ; clk        ; clk      ; None                        ; None                      ; 8.011 ns                ;
; N/A                                     ; 121.39 MHz ( period = 8.238 ns )                    ; i2c.WAIT_WTICK1 ; i2c_reg[3] ; clk        ; clk      ; None                        ; None                      ; 7.988 ns                ;
; N/A                                     ; 121.42 MHz ( period = 8.236 ns )                    ; i2c.S_STOP0     ; i2c_reg[7] ; clk        ; clk      ; None                        ; None                      ; 7.986 ns                ;
; N/A                                     ; 121.67 MHz ( period = 8.219 ns )                    ; i2c.W_DEVICE7   ; i2c_reg[5] ; clk        ; clk      ; None                        ; None                      ; 7.966 ns                ;
; N/A                                     ; 121.70 MHz ( period = 8.217 ns )                    ; div_cnt[2]      ; i2c_reg[5] ; clk        ; clk      ; None                        ; None                      ; 7.960 ns                ;
; N/A                                     ; 121.86 MHz ( period = 8.206 ns )                    ; i2c.R_DATA4     ; i2c_reg[2] ; clk        ; clk      ; None                        ; None                      ; 7.951 ns                ;
; N/A                                     ; 122.00 MHz ( period = 8.197 ns )                    ; i2c.S_STOP0     ; i2c_reg[6] ; clk        ; clk      ; None                        ; None                      ; 7.947 ns                ;
; N/A                                     ; 122.22 MHz ( period = 8.182 ns )                    ; i2c.R_DATA4     ; i2c_reg[1] ; clk        ; clk      ; None                        ; None                      ; 7.916 ns                ;
; N/A                                     ; 122.41 MHz ( period = 8.169 ns )                    ; i2c.WAIT_WTICK3 ; i2c_reg[1] ; clk        ; clk      ; None                        ; None                      ; 7.908 ns                ;
; N/A                                     ; 122.50 MHz ( period = 8.163 ns )                    ; i2c.R_DACK      ; i2c_reg[2] ; clk        ; clk      ; None                        ; None                      ; 7.904 ns                ;
; N/A                                     ; 122.59 MHz ( period = 8.157 ns )                    ; i2c.IDLE        ; i2c_reg[2] ; clk        ; clk      ; None                        ; None                      ; 7.907 ns                ;
; N/A                                     ; 122.64 MHz ( period = 8.154 ns )                    ; div_cnt[4]      ; i2c_reg[3] ; clk        ; clk      ; None                        ; None                      ; 7.897 ns                ;
; N/A                                     ; 122.77 MHz ( period = 8.145 ns )                    ; i2c.WAIT_WTICK3 ; i2c_reg[2] ; clk        ; clk      ; None                        ; None                      ; 7.895 ns                ;
; N/A                                     ; 122.80 MHz ( period = 8.143 ns )                    ; div_cnt[7]      ; div_cnt[2] ; clk        ; clk      ; None                        ; None                      ; 7.879 ns                ;
; N/A                                     ; 122.80 MHz ( period = 8.143 ns )                    ; div_cnt[7]      ; div_cnt[1] ; clk        ; clk      ; None                        ; None                      ; 7.879 ns                ;
; N/A                                     ; 122.80 MHz ( period = 8.143 ns )                    ; div_cnt[7]      ; div_cnt[4] ; clk        ; clk      ; None                        ; None                      ; 7.879 ns                ;
; N/A                                     ; 122.80 MHz ( period = 8.143 ns )                    ; div_cnt[7]      ; div_cnt[3] ; clk        ; clk      ; None                        ; None                      ; 7.879 ns                ;
; N/A                                     ; 122.80 MHz ( period = 8.143 ns )                    ; div_cnt[7]      ; div_cnt[0] ; clk        ; clk      ; None                        ; None                      ; 7.879 ns                ;
; N/A                                     ; 122.80 MHz ( period = 8.143 ns )                    ; div_cnt[7]      ; div_cnt[6] ; clk        ; clk      ; None                        ; None                      ; 7.879 ns                ;
; N/A                                     ; 122.80 MHz ( period = 8.143 ns )                    ; div_cnt[7]      ; div_cnt[5] ; clk        ; clk      ; None                        ; None                      ; 7.879 ns                ;
; N/A                                     ; 122.80 MHz ( period = 8.143 ns )                    ; div_cnt[7]      ; div_cnt[7] ; clk        ; clk      ; None                        ; None                      ; 7.879 ns                ;
; N/A                                     ; 122.87 MHz ( period = 8.139 ns )                    ; i2c.R_DACK      ; i2c_reg[1] ; clk        ; clk      ; None                        ; None                      ; 7.869 ns                ;
; N/A                                     ; 122.91 MHz ( period = 8.136 ns )                    ; i2c.R_DATA4     ; i2c_reg[4] ; clk        ; clk      ; None                        ; None                      ; 7.881 ns                ;
; N/A                                     ; 122.96 MHz ( period = 8.133 ns )                    ; i2c.IDLE        ; i2c_reg[1] ; clk        ; clk      ; None                        ; None                      ; 7.872 ns                ;
; N/A                                     ; 123.08 MHz ( period = 8.125 ns )                    ; i2c.W_AACK      ; i2c_reg[7] ; clk        ; clk      ; None                        ; None                      ; 7.866 ns                ;
; N/A                                     ; 123.12 MHz ( period = 8.122 ns )                    ; i2c.WAIT_WTICK1 ; i2c_reg[2] ; clk        ; clk      ; None                        ; None                      ; 7.872 ns                ;
; N/A                                     ; 123.17 MHz ( period = 8.119 ns )                    ; i2c.R_DATA0     ; i2c_reg[7] ; clk        ; clk      ; None                        ; None                      ; 7.861 ns                ;
; N/A                                     ; 123.41 MHz ( period = 8.103 ns )                    ; i2c.W_OPOVER    ; i2c_reg[3] ; clk        ; clk      ; None                        ; None                      ; 7.853 ns                ;
; N/A                                     ; 123.49 MHz ( period = 8.098 ns )                    ; i2c.WAIT_WTICK1 ; i2c_reg[1] ; clk        ; clk      ; None                        ; None                      ; 7.837 ns                ;
; N/A                                     ; 123.52 MHz ( period = 8.096 ns )                    ; i2c.W_DEVACK    ; i2c_reg[7] ; clk        ; clk      ; None                        ; None                      ; 7.837 ns                ;
; N/A                                     ; 123.56 MHz ( period = 8.093 ns )                    ; i2c.R_DACK      ; i2c_reg[4] ; clk        ; clk      ; None                        ; None                      ; 7.834 ns                ;
; N/A                                     ; 123.66 MHz ( period = 8.087 ns )                    ; i2c.IDLE        ; i2c_reg[4] ; clk        ; clk      ; None                        ; None                      ; 7.837 ns                ;
; N/A                                     ; 123.67 MHz ( period = 8.086 ns )                    ; i2c.W_AACK      ; i2c_reg[6] ; clk        ; clk      ; None                        ; None                      ; 7.827 ns                ;
; N/A                                     ; 123.76 MHz ( period = 8.080 ns )                    ; i2c.R_DATA0     ; i2c_reg[6] ; clk        ; clk      ; None                        ; None                      ; 7.822 ns                ;
; N/A                                     ; 123.78 MHz ( period = 8.079 ns )                    ; i2c.WAIT_WTICK0 ; i2c_reg[7] ; clk        ; clk      ; None                        ; None                      ; 7.829 ns                ;
; N/A                                     ; 123.84 MHz ( period = 8.075 ns )                    ; i2c.WAIT_WTICK3 ; i2c_reg[4] ; clk        ; clk      ; None                        ; None                      ; 7.825 ns                ;
; N/A                                     ; 124.08 MHz ( period = 8.059 ns )                    ; div_cnt[4]      ; i2c_reg[0] ; clk        ; clk      ; None                        ; None                      ; 7.791 ns                ;
; N/A                                     ; 124.12 MHz ( period = 8.057 ns )                    ; i2c.W_DEVACK    ; i2c_reg[6] ; clk        ; clk      ; None                        ; None                      ; 7.798 ns                ;
; N/A                                     ; 124.15 MHz ( period = 8.055 ns )                    ; i2c.R_DATA3     ; i2c_reg[7] ; clk        ; clk      ; None                        ; None                      ; 7.800 ns                ;
; N/A                                     ; 124.19 MHz ( period = 8.052 ns )                    ; i2c.WAIT_WTICK1 ; i2c_reg[4] ; clk        ; clk      ; None                        ; None                      ; 7.802 ns                ;
; N/A                                     ; 124.38 MHz ( period = 8.040 ns )                    ; i2c.WAIT_WTICK0 ; i2c_reg[6] ; clk        ; clk      ; None                        ; None                      ; 7.790 ns                ;
; N/A                                     ; 124.41 MHz ( period = 8.038 ns )                    ; div_cnt[4]      ; i2c_reg[2] ; clk        ; clk      ; None                        ; None                      ; 7.781 ns                ;
; N/A                                     ; 124.44 MHz ( period = 8.036 ns )                    ; i2c.S_STOP      ; i2c_reg[3] ; clk        ; clk      ; None                        ; None                      ; 7.786 ns                ;
; N/A                                     ; 124.52 MHz ( period = 8.031 ns )                    ; i2c.S_STOP1     ; i2c_reg[7] ; clk        ; clk      ; None                        ; None                      ; 7.781 ns                ;
; N/A                                     ; 124.56 MHz ( period = 8.028 ns )                    ; i2c.W_DACK      ; i2c_reg[3] ; clk        ; clk      ; None                        ; None                      ; 7.769 ns                ;
; N/A                                     ; 124.75 MHz ( period = 8.016 ns )                    ; i2c.R_DATA3     ; i2c_reg[6] ; clk        ; clk      ; None                        ; None                      ; 7.761 ns                ;
; N/A                                     ; 125.06 MHz ( period = 7.996 ns )                    ; div_cnt[0]      ; i2c_reg[3] ; clk        ; clk      ; None                        ; None                      ; 7.739 ns                ;
; N/A                                     ; 125.13 MHz ( period = 7.992 ns )                    ; i2c.S_STOP1     ; i2c_reg[6] ; clk        ; clk      ; None                        ; None                      ; 7.742 ns                ;
; N/A                                     ; 125.20 MHz ( period = 7.987 ns )                    ; i2c.W_OPOVER    ; i2c_reg[2] ; clk        ; clk      ; None                        ; None                      ; 7.737 ns                ;
; N/A                                     ; 125.50 MHz ( period = 7.968 ns )                    ; div_cnt[4]      ; i2c_reg[4] ; clk        ; clk      ; None                        ; None                      ; 7.711 ns                ;
; N/A                                     ; 125.58 MHz ( period = 7.963 ns )                    ; i2c.W_OPOVER    ; i2c_reg[1] ; clk        ; clk      ; None                        ; None                      ; 7.702 ns                ;
; N/A                                     ; 126.12 MHz ( period = 7.929 ns )                    ; i2c.S_STOP      ; i2c_reg[1] ; clk        ; clk      ; None                        ; None                      ; 7.668 ns                ;
; N/A                                     ; 126.14 MHz ( period = 7.928 ns )                    ; div_cnt[6]      ; i2c_reg[0] ; clk        ; clk      ; None                        ; None                      ; 7.660 ns                ;
; N/A                                     ; 126.26 MHz ( period = 7.920 ns )                    ; i2c.S_STOP      ; i2c_reg[2] ; clk        ; clk      ; None                        ; None                      ; 7.670 ns                ;
; N/A                                     ; 126.31 MHz ( period = 7.917 ns )                    ; i2c.W_OPOVER    ; i2c_reg[4] ; clk        ; clk      ; None                        ; None                      ; 7.667 ns                ;
; N/A                                     ; 126.39 MHz ( period = 7.912 ns )                    ; i2c.W_DACK      ; i2c_reg[2] ; clk        ; clk      ; None                        ; None                      ; 7.653 ns                ;
; N/A                                     ; 126.57 MHz ( period = 7.901 ns )                    ; div_cnt[0]      ; i2c_reg[0] ; clk        ; clk      ; None                        ; None                      ; 7.633 ns                ;
; N/A                                     ; 126.77 MHz ( period = 7.888 ns )                    ; i2c.W_DACK      ; i2c_reg[1] ; clk        ; clk      ; None                        ; None                      ; 7.618 ns                ;
; N/A                                     ; 126.84 MHz ( period = 7.884 ns )                    ; div_cnt[2]      ; i2c_reg[7] ; clk        ; clk      ; None                        ; None                      ; 7.627 ns                ;
; N/A                                     ; 126.84 MHz ( period = 7.884 ns )                    ; div_cnt[2]      ; i2c_reg[4] ; clk        ; clk      ; None                        ; None                      ; 7.627 ns                ;
; N/A                                     ; 126.87 MHz ( period = 7.882 ns )                    ; div_cnt[2]      ; i2c_reg[6] ; clk        ; clk      ; None                        ; None                      ; 7.625 ns                ;
; N/A                                     ; 126.87 MHz ( period = 7.882 ns )                    ; div_cnt[2]      ; i2c_reg[3] ; clk        ; clk      ; None                        ; None                      ; 7.625 ns                ;
; N/A                                     ; 126.89 MHz ( period = 7.881 ns )                    ; div_cnt[2]      ; i2c_reg[2] ; clk        ; clk      ; None                        ; None                      ; 7.624 ns                ;
; N/A                                     ; 126.90 MHz ( period = 7.880 ns )                    ; div_cnt[0]      ; i2c_reg[2] ; clk        ; clk      ; None                        ; None                      ; 7.623 ns                ;
; N/A                                     ; 127.36 MHz ( period = 7.852 ns )                    ; i2c.W_DEVICE7   ; i2c_reg[3] ; clk        ; clk      ; None                        ; None                      ; 7.599 ns                ;
; N/A                                     ; 127.39 MHz ( period = 7.850 ns )                    ; i2c.S_STOP      ; i2c_reg[4] ; clk        ; clk      ; None                        ; None                      ; 7.600 ns                ;
; N/A                                     ; 127.45 MHz ( period = 7.846 ns )                    ; i2c.R_DATA2     ; i2c_reg[5] ; clk        ; clk      ; None                        ; None                      ; 7.588 ns                ;
; N/A                                     ; 127.52 MHz ( period = 7.842 ns )                    ; i2c.W_DACK      ; i2c_reg[4] ; clk        ; clk      ; None                        ; None                      ; 7.583 ns                ;
; N/A                                     ; 127.67 MHz ( period = 7.833 ns )                    ; i2c.W_DEVICE7   ; i2c_reg[0] ; clk        ; clk      ; None                        ; None                      ; 7.569 ns                ;
; Timing analysis restricted to 200 rows. ; To change the limit use Settings (Assignments menu) ;                 ;            ;            ;          ;                             ;                           ;                         ;
+-----------------------------------------+-----------------------------------------------------+-----------------+------------+------------+----------+-----------------------------+---------------------------+-------------------------+


+----------------------------------------------------------------------------------+
; tsu                                                                              ;
+-------+--------------+------------+---------------+-------------------+----------+
; Slack ; Required tsu ; Actual tsu ; From          ; To                ; To Clock ;
+-------+--------------+------------+---------------+-------------------+----------+
; N/A   ; None         ; 8.666 ns   ; write_data[7] ; i2c_reg[7]        ; clk      ;
; N/A   ; None         ; 7.754 ns   ; write_data[0] ; i2c_reg[0]        ; clk      ;
; N/A   ; None         ; 7.507 ns   ; write_data[2] ; i2c_reg[2]        ; clk      ;
; N/A   ; None         ; 7.309 ns   ; write_data[4] ; i2c_reg[4]        ; clk      ;
; N/A   ; None         ; 7.019 ns   ; addr[7]       ; i2c_reg[7]        ; clk      ;
; N/A   ; None         ; 6.921 ns   ; write_data[6] ; i2c_reg[6]        ; clk      ;
; N/A   ; None         ; 6.838 ns   ; addr[0]       ; i2c_reg[0]        ; clk      ;
; N/A   ; None         ; 6.825 ns   ; write_data[3] ; i2c_reg[3]        ; clk      ;
; N/A   ; None         ; 6.747 ns   ; write_data[5] ; i2c_reg[5]        ; clk      ;
; N/A   ; None         ; 6.676 ns   ; write_data[1] ; i2c_reg[1]        ; clk      ;
; N/A   ; None         ; 5.989 ns   ; addr[1]       ; i2c_reg[1]        ; clk      ;
; N/A   ; None         ; 5.972 ns   ; addr[2]       ; i2c_reg[2]        ; clk      ;
; N/A   ; None         ; 5.725 ns   ; addr[3]       ; i2c_reg[3]        ; clk      ;
; N/A   ; None         ; 5.669 ns   ; addr[4]       ; i2c_reg[4]        ; clk      ;
; N/A   ; None         ; 5.546 ns   ; addr[5]       ; i2c_reg[5]        ; clk      ;
; N/A   ; None         ; 5.447 ns   ; addr[6]       ; i2c_reg[6]        ; clk      ;
; N/A   ; None         ; 4.930 ns   ; write_op      ; wr_op             ; clk      ;
; N/A   ; None         ; 4.778 ns   ; sda           ; read_data[0]~reg0 ; clk      ;
; N/A   ; None         ; 4.733 ns   ; read_op       ; rd_op             ; clk      ;
+-------+--------------+------------+---------------+-------------------+----------+


+-----------------------------------------------------------------------------------+
; tco                                                                               ;
+-------+--------------+------------+-------------------+--------------+------------+
; Slack ; Required tco ; Actual tco ; From              ; To           ; From Clock ;
+-------+--------------+------------+-------------------+--------------+------------+
; N/A   ; None         ; 10.290 ns  ; read_data[2]~reg0 ; read_data[2] ; clk        ;
; N/A   ; None         ; 10.235 ns  ; read_data[1]~reg0 ; read_data[1] ; clk        ;
; N/A   ; None         ; 9.901 ns   ; read_data[5]~reg0 ; read_data[5] ; clk        ;
; N/A   ; None         ; 9.845 ns   ; read_data[6]~reg0 ; read_data[6] ; clk        ;
; N/A   ; None         ; 9.836 ns   ; read_data[4]~reg0 ; read_data[4] ; clk        ;
; N/A   ; None         ; 9.815 ns   ; read_data[0]~reg0 ; read_data[0] ; clk        ;
; N/A   ; None         ; 9.787 ns   ; read_data[7]~reg0 ; read_data[7] ; clk        ;
; N/A   ; None         ; 9.462 ns   ; read_data[3]~reg0 ; read_data[3] ; clk        ;
; N/A   ; None         ; 9.124 ns   ; i2c.W_OPOVER      ; op_done      ; clk        ;
; N/A   ; None         ; 8.044 ns   ; i2c_reg[7]        ; sda          ; clk        ;
; N/A   ; None         ; 7.974 ns   ; sda_en            ; sda          ; clk        ;
; N/A   ; None         ; 7.636 ns   ; scl~reg0          ; scl          ; clk        ;
+-------+--------------+------------+-------------------+--------------+------------+


+----------------------------------------------------------------------------------------+
; th                                                                                     ;
+---------------+-------------+-----------+---------------+-------------------+----------+
; Minimum Slack ; Required th ; Actual th ; From          ; To                ; To Clock ;
+---------------+-------------+-----------+---------------+-------------------+----------+
; N/A           ; None        ; -4.467 ns ; read_op       ; rd_op             ; clk      ;
; N/A           ; None        ; -4.512 ns ; sda           ; read_data[0]~reg0 ; clk      ;
; N/A           ; None        ; -4.664 ns ; write_op      ; wr_op             ; clk      ;
; N/A           ; None        ; -5.181 ns ; addr[6]       ; i2c_reg[6]        ; clk      ;
; N/A           ; None        ; -5.280 ns ; addr[5]       ; i2c_reg[5]        ; clk      ;
; N/A           ; None        ; -5.403 ns ; addr[4]       ; i2c_reg[4]        ; clk      ;
; N/A           ; None        ; -5.459 ns ; addr[3]       ; i2c_reg[3]        ; clk      ;
; N/A           ; None        ; -5.706 ns ; addr[2]       ; i2c_reg[2]        ; clk      ;
; N/A           ; None        ; -5.723 ns ; addr[1]       ; i2c_reg[1]        ; clk      ;
; N/A           ; None        ; -6.410 ns ; write_data[1] ; i2c_reg[1]        ; clk      ;
; N/A           ; None        ; -6.481 ns ; write_data[5] ; i2c_reg[5]        ; clk      ;
; N/A           ; None        ; -6.559 ns ; write_data[3] ; i2c_reg[3]        ; clk      ;
; N/A           ; None        ; -6.572 ns ; addr[0]       ; i2c_reg[0]        ; clk      ;
; N/A           ; None        ; -6.655 ns ; write_data[6] ; i2c_reg[6]        ; clk      ;
; N/A           ; None        ; -6.753 ns ; addr[7]       ; i2c_reg[7]        ; clk      ;
; N/A           ; None        ; -7.043 ns ; write_data[4] ; i2c_reg[4]        ; clk      ;
; N/A           ; None        ; -7.241 ns ; write_data[2] ; i2c_reg[2]        ; clk      ;
; N/A           ; None        ; -7.488 ns ; write_data[0] ; i2c_reg[0]        ; clk      ;
; N/A           ; None        ; -8.400 ns ; write_data[7] ; i2c_reg[7]        ; clk      ;
+---------------+-------------+-----------+---------------+-------------------+----------+


+--------------------------+
; Timing Analyzer Messages ;
+--------------------------+
Info: *******************************************************************
Info: Running Quartus II Classic Timing Analyzer
    Info: Version 9.0 Build 184 04/29/2009 Service Pack 1 SJ Web Edition
    Info: Processing started: Fri Apr 07 11:19:57 2023
Info: Command: quartus_tan --read_settings_files=off --write_settings_files=off i2c -c i2c --timing_analysis_only
Warning: Found pins functioning as undefined clocks and/or memory enables
    Info: Assuming node "clk" is an undefined clock
Info: Clock "clk" has Internal fmax of 95.5 MHz between source register "i2c.W_DATA7" and destination register "i2c_reg[1]" (period= 10.471 ns)
    Info: + Longest register to register delay is 10.205 ns
        Info: 1: + IC(0.000 ns) + CELL(0.000 ns) = 0.000 ns; Loc. = LCFF_X15_Y2_N1; Fanout = 5; REG Node = 'i2c.W_DATA7'
        Info: 2: + IC(1.507 ns) + CELL(0.202 ns) = 1.709 ns; Loc. = LCCOMB_X8_Y3_N20; Fanout = 5; COMB Node = 'i2c_reg[7]~72'
        Info: 3: + IC(1.439 ns) + CELL(0.206 ns) = 3.354 ns; Loc. = LCCOMB_X14_Y3_N8; Fanout = 1; COMB Node = 'i2c_reg[7]~80'
        Info: 4: + IC(1.798 ns) + CELL(0.206 ns) = 5.358 ns; Loc. = LCCOMB_X5_Y3_N22; Fanout = 2; COMB Node = 'i2c_reg[7]~82'
        Info: 5: + IC(2.163 ns) + CELL(0.206 ns) = 7.727 ns; Loc. = LCCOMB_X15_Y2_N2; Fanout = 7; COMB Node = 'start_clr~5'
        Info: 6: + IC(2.164 ns) + CELL(0.206 ns) = 10.097 ns; Loc. = LCCOMB_X5_Y3_N28; Fanout = 1; COMB Node = 'i2c_reg~103'
        Info: 7: + IC(0.000 ns) + CELL(0.108 ns) = 10.205 ns; Loc. = LCFF_X5_Y3_N29; Fanout = 2; REG Node = 'i2c_reg[1]'
        Info: Total cell delay = 1.134 ns ( 11.11 % )
        Info: Total interconnect delay = 9.071 ns ( 88.89 % )
    Info: - Smallest clock skew is -0.002 ns
        Info: + Shortest clock path from clock "clk" to destination register is 2.742 ns
            Info: 1: + IC(0.000 ns) + CELL(1.100 ns) = 1.100 ns; Loc. = PIN_17; Fanout = 1; CLK Node = 'clk'
            Info: 2: + IC(0.143 ns) + CELL(0.000 ns) = 1.243 ns; Loc. = CLKCTRL_G2; Fanout = 96; COMB Node = 'clk~clkctrl'
            Info: 3: + IC(0.833 ns) + CELL(0.666 ns) = 2.742 ns; Loc. = LCFF_X5_Y3_N29; Fanout = 2; REG Node = 'i2c_reg[1]'
            Info: Total cell delay = 1.766 ns ( 64.41 % )
            Info: Total interconnect delay = 0.976 ns ( 35.59 % )
        Info: - Longest clock path from clock "clk" to source register is 2.744 ns
            Info: 1: + IC(0.000 ns) + CELL(1.100 ns) = 1.100 ns; Loc. = PIN_17; Fanout = 1; CLK Node = 'clk'
            Info: 2: + IC(0.143 ns) + CELL(0.000 ns) = 1.243 ns; Loc. = CLKCTRL_G2; Fanout = 96; COMB Node = 'clk~clkctrl'
            Info: 3: + IC(0.835 ns) + CELL(0.666 ns) = 2.744 ns; Loc. = LCFF_X15_Y2_N1; Fanout = 5; REG Node = 'i2c.W_DATA7'
            Info: Total cell delay = 1.766 ns ( 64.36 % )
            Info: Total interconnect delay = 0.978 ns ( 35.64 % )
    Info: + Micro clock to output delay of source is 0.304 ns
    Info: + Micro setup delay of destination is -0.040 ns
Info: tsu for register "i2c_reg[7]" (data pin = "write_data[7]", clock pin = "clk") is 8.666 ns
    Info: + Longest pin to register delay is 11.459 ns
        Info: 1: + IC(0.000 ns) + CELL(0.964 ns) = 0.964 ns; Loc. = PIN_71; Fanout = 1; PIN Node = 'write_data[7]'
        Info: 2: + IC(6.957 ns) + CELL(0.624 ns) = 8.545 ns; Loc. = LCCOMB_X8_Y3_N4; Fanout = 1; COMB Node = 'i2c_reg~78'
        Info: 3: + IC(0.382 ns) + CELL(0.366 ns) = 9.293 ns; Loc. = LCCOMB_X8_Y3_N26; Fanout = 1; COMB Node = 'i2c_reg~79'
        Info: 4: + IC(1.434 ns) + CELL(0.624 ns) = 11.351 ns; Loc. = LCCOMB_X10_Y1_N0; Fanout = 1; COMB Node = 'i2c_reg~84'
        Info: 5: + IC(0.000 ns) + CELL(0.108 ns) = 11.459 ns; Loc. = LCFF_X10_Y1_N1; Fanout = 2; REG Node = 'i2c_reg[7]'
        Info: Total cell delay = 2.686 ns ( 23.44 % )
        Info: Total interconnect delay = 8.773 ns ( 76.56 % )
    Info: + Micro setup delay of destination is -0.040 ns
    Info: - Shortest clock path from clock "clk" to destination register is 2.753 ns
        Info: 1: + IC(0.000 ns) + CELL(1.100 ns) = 1.100 ns; Loc. = PIN_17; Fanout = 1; CLK Node = 'clk'
        Info: 2: + IC(0.143 ns) + CELL(0.000 ns) = 1.243 ns; Loc. = CLKCTRL_G2; Fanout = 96; COMB Node = 'clk~clkctrl'
        Info: 3: + IC(0.844 ns) + CELL(0.666 ns) = 2.753 ns; Loc. = LCFF_X10_Y1_N1; Fanout = 2; REG Node = 'i2c_reg[7]'
        Info: Total cell delay = 1.766 ns ( 64.15 % )
        Info: Total interconnect delay = 0.987 ns ( 35.85 % )
Info: tco from clock "clk" to destination pin "read_data[2]" through register "read_data[2]~reg0" is 10.290 ns
    Info: + Longest clock path from clock "clk" to source register is 2.757 ns
        Info: 1: + IC(0.000 ns) + CELL(1.100 ns) = 1.100 ns; Loc. = PIN_17; Fanout = 1; CLK Node = 'clk'
        Info: 2: + IC(0.143 ns) + CELL(0.000 ns) = 1.243 ns; Loc. = CLKCTRL_G2; Fanout = 96; COMB Node = 'clk~clkctrl'
        Info: 3: + IC(0.848 ns) + CELL(0.666 ns) = 2.757 ns; Loc. = LCFF_X7_Y11_N13; Fanout = 2; REG Node = 'read_data[2]~reg0'
        Info: Total cell delay = 1.766 ns ( 64.06 % )
        Info: Total interconnect delay = 0.991 ns ( 35.94 % )
    Info: + Micro clock to output delay of source is 0.304 ns
    Info: + Longest register to pin delay is 7.229 ns
        Info: 1: + IC(0.000 ns) + CELL(0.000 ns) = 0.000 ns; Loc. = LCFF_X7_Y11_N13; Fanout = 2; REG Node = 'read_data[2]~reg0'
        Info: 2: + IC(4.153 ns) + CELL(3.076 ns) = 7.229 ns; Loc. = PIN_74; Fanout = 0; PIN Node = 'read_data[2]'
        Info: Total cell delay = 3.076 ns ( 42.55 % )
        Info: Total interconnect delay = 4.153 ns ( 57.45 % )
Info: th for register "rd_op" (data pin = "read_op", clock pin = "clk") is -4.467 ns
    Info: + Longest clock path from clock "clk" to destination register is 2.736 ns
        Info: 1: + IC(0.000 ns) + CELL(1.100 ns) = 1.100 ns; Loc. = PIN_17; Fanout = 1; CLK Node = 'clk'
        Info: 2: + IC(0.143 ns) + CELL(0.000 ns) = 1.243 ns; Loc. = CLKCTRL_G2; Fanout = 96; COMB Node = 'clk~clkctrl'
        Info: 3: + IC(0.827 ns) + CELL(0.666 ns) = 2.736 ns; Loc. = LCFF_X4_Y4_N3; Fanout = 2; REG Node = 'rd_op'
        Info: Total cell delay = 1.766 ns ( 64.55 % )
        Info: Total interconnect delay = 0.970 ns ( 35.45 % )
    Info: + Micro hold delay of destination is 0.306 ns
    Info: - Shortest pin to register delay is 7.509 ns
        Info: 1: + IC(0.000 ns) + CELL(0.954 ns) = 0.954 ns; Loc. = PIN_42; Fanout = 1; PIN Node = 'read_op'
        Info: 2: + IC(6.077 ns) + CELL(0.370 ns) = 7.401 ns; Loc. = LCCOMB_X4_Y4_N2; Fanout = 1; COMB Node = 'rd_op~2'
        Info: 3: + IC(0.000 ns) + CELL(0.108 ns) = 7.509 ns; Loc. = LCFF_X4_Y4_N3; Fanout = 2; REG Node = 'rd_op'
        Info: Total cell delay = 1.432 ns ( 19.07 % )
        Info: Total interconnect delay = 6.077 ns ( 80.93 % )
Info: Quartus II Classic Timing Analyzer was successful. 0 errors, 1 warning
    Info: Peak virtual memory: 191 megabytes
    Info: Processing ended: Fri Apr 07 11:19:57 2023
    Info: Elapsed time: 00:00:00
    Info: Total CPU time (on all processors): 00:00:00


