C51 COMPILER V9.05   IRC                                                                   08/23/2015 16:50:00 PAGE 1   


C51 COMPILER V9.05, COMPILATION OF MODULE IRC
OBJECT MODULE PLACED IN IRC.OBJ
COMPILER INVOKED BY: D:\Software\Study-software\keil4\C51\BIN\C51.EXE IRC.c BROWSE DEBUG OBJECTEXTEND

line level    source

   1          #include"device.c"
   2          /******************格力空调指令码******************/
   3          xdata uint8 GreeInstructions[30][9]={{0x41,0x00,0x20,0x50,0x02,0x01,0x20,0x00,0xd4},//16度，开->关，上下扫
             -风，制冷模式，节能开启
   4                                                                                                                                  {0x49,0x00,0x20,0x50,0x02,0x01,0x20,0x00,0x54},//16度，关->开，上下扫风，制冷模式，节能开启
   5                                                                                                                                  {0x41,0x01,0x20,0x50,0x02,0x01,0x20,0x00,0xe4},//17度，开->关，上下扫风，制冷模式，节能开启
   6                                                                                                                                  {0x49,0x01,0x20,0x50,0x02,0x01,0x20,0x00,0x64},//17度，关->开，上下扫风，制冷模式，节能开启
   7                                                                                                                                  {0x41,0x02,0x20,0x50,0x02,0x01,0x20,0x00,0xf4},//18度，开->关，上下扫风，制冷模式，节能开启
   8                                                                                                                                  {0x49,0x02,0x20,0x50,0x02,0x01,0x20,0x00,0x74},//18度，关->开，上下扫风，制冷模式，节能开启
   9                                                                                                                                  {0x41,0x03,0x20,0x50,0x02,0x01,0x20,0x00,0x04},//19度，开->关，上下扫风，制冷模式，节能开启
  10                                                                                                                                  {0x49,0x03,0x20,0x50,0x02,0x01,0x20,0x00,0x84},//19度，关->开，上下扫风，制冷模式，节能开启
  11                                                                                                                                  {0x41,0x04,0x20,0x50,0x02,0x01,0x20,0x00,0x14},//20度，开->关，上下扫风，制冷模式，节能开启
  12                                                                                                                                  {0x49,0x04,0x20,0x50,0x02,0x01,0x20,0x00,0x94},//20度，关->开，上下扫风，制冷模式，节能开启
  13                                                                                                                                  {0x41,0x05,0x20,0x50,0x02,0x01,0x20,0x00,0x24},//21度，开->关，上下扫风，制冷模式，节能开启
  14                                                                                                                                  {0x49,0x05,0x20,0x50,0x02,0x01,0x20,0x00,0xa4},//21度，关->开，上下扫风，制冷模式，节能开启
  15                                                                                                                                  {0x41,0x06,0x20,0x50,0x02,0x01,0x20,0x00,0x34},//22度，开->关，上下扫风，制冷模式，节能开启
  16                                                                                                                                  {0x49,0x06,0x20,0x50,0x02,0x01,0x20,0x00,0xb4},//22度，关->开，上下扫风，制冷模式，节能开启
  17                                                                                                                                  {0x41,0x07,0x20,0x50,0x02,0x01,0x20,0x00,0x44},//23度，开->关，上下扫风，制冷模式，节能开启
  18                                                                                                                                  {0x49,0x07,0x20,0x50,0x02,0x01,0x20,0x00,0xc4},//23度，关->开，上下扫风，制冷模式，节能开启
  19                                                                                                                                  {0x41,0x08,0x20,0x50,0x02,0x01,0x20,0x00,0x54},//24度，开->关，上下扫风，制冷模式，节能开启
  20                                                                                                                                  {0x49,0x08,0x20,0x50,0x02,0x01,0x20,0x00,0xd4},//24度，关->开，上下扫风，制冷模式，节能开启
  21                                                                                                                                  {0x41,0x09,0x20,0x50,0x02,0x01,0x20,0x00,0x64},//25度，开->关，上下扫风，制冷模式，节能开启
  22                                                                                                                                  {0x49,0x09,0x20,0x50,0x02,0x01,0x20,0x00,0xe4},//25度，关->开，上下扫风，制冷模式，节能开启
  23                                                                                                                                  {0x41,0x0a,0x20,0x50,0x02,0x01,0x20,0x00,0x74},//26度，开->关，上下扫风，制冷模式，节能开启
  24                                                                                                                                  {0x49,0x0a,0x20,0x50,0x02,0x01,0x20,0x00,0xf4},//26度，关->开，上下扫风，制冷模式，节能开启
  25                                                                                                                                  {0x41,0x0b,0x20,0x50,0x02,0x01,0x20,0x00,0x84},//27度，开->关，上下扫风，制冷模式，节能开启
  26                                                                                                                                  {0x49,0x0b,0x20,0x50,0x02,0x01,0x20,0x00,0x04},//27度，关->开，上下扫风，制冷模式，节能开启
  27                                                                                                                                  {0x41,0x0c,0x20,0x50,0x02,0x01,0x20,0x00,0x94},//28度，开->关，上下扫风，制冷模式，节能开启
  28                                                                                                                                  {0x49,0x0c,0x60,0x50,0x02,0x01,0x20,0x00,0x14},//28度，关->开，上下扫风，制冷模式，节能开启
  29                                                                                                                                  {0x41,0x0d,0x20,0x50,0x02,0x01,0x20,0x00,0xa4},//29度，开->关，上下扫风，制冷模式，节能开启
  30                                                                                                                                  {0x49,0x0d,0x20,0x50,0x02,0x01,0x20,0x00,0x24},//29度，关->开，上下扫风，制冷模式，节能开启
  31                                                                                                                                  {0x41,0x0e,0x20,0x50,0x02,0x01,0x20,0x00,0xb4},//30度，开->关，上下扫风，制冷模式，节能开启
  32                                                                                                                                  {0x49,0x0e,0x20,0x50,0x02,0x01,0x20,0x00,0x34}//30度，关->开，上下扫风，制冷模式，节能开启
  33                                                                                                                                  };//27度
  34                                          
  35          
  36          /*
  37          *发送起始码函数
  38          */                                                                                                              
  39          void SendS(){
  40   1              TH1=TIMER113USTH1;
  41   1              TL1=TIMER113USTL1;
  42   1              IRFLAG=1;
  43   1              TR1=1;
  44   1              while(timer0Num<TIMER19000USNUM);
  45   1              IRFLAG=0;
  46   1              TR1=0;
  47   1              timer0Num=0;
  48   1              TH1=TIMER113USTH1;
  49   1              TL1=TIMER113USTL1;
  50   1              TR1=1;
  51   1              while(timer0Num<TIMER14500USNUM);
  52   1              TR1=0;
  53   1              timer0Num=0;
  54   1      }
C51 COMPILER V9.05   IRC                                                                   08/23/2015 16:50:00 PAGE 2   

  55          /*
  56          *发送连接码函数
  57          */
  58          void SendC(){
  59   1              TH1=TIMER113USTH1;
  60   1              TL1=TIMER113USTL1;
  61   1              IRFLAG=1;
  62   1              TR1=1;
  63   1              while(timer0Num<TIMER1600USNUM);
  64   1              IRFLAG=0;
  65   1              TR1=0;
  66   1              timer0Num=0;
  67   1              TH1=TIMER113USTH1;
  68   1              TL1=TIMER113USTL1;
  69   1              TR1=1;
  70   1              while(timer0Num<TIMER120000USNUM);
  71   1              TR1=0;
  72   1              timer0Num=0;
  73   1      }
  74          
  75          /*
  76          *发送一个bit为0的函数
  77          */
  78          void Send1(){
  79   1              TH1=TIMER113USTH1;
  80   1              TL1=TIMER113USTL1;
  81   1              IRFLAG=1;
  82   1              TR1=1;
  83   1              while(timer0Num<TIMER1600USNUM);
  84   1              IRFLAG=0;
  85   1              TR1=0;
  86   1              timer0Num=0;
  87   1              TH1=TIMER113USTH1;
  88   1              TL1=TIMER113USTL1;
  89   1              TR1=1;
  90   1              while(timer0Num<TIMER11600USNUM);
  91   1              TR1=0;
  92   1              timer0Num=0;
  93   1      }
  94          
  95          /*
  96          *发送一个bit为1的函数
  97          */
  98          void Send0(){
  99   1              TH1=TIMER113USTH1;
 100   1              TL1=TIMER113USTL1;
 101   1              IRFLAG=1;
 102   1              TR1=1;
 103   1              while(timer0Num<TIMER1600USNUM);
 104   1              IRFLAG=0;
 105   1              TR1=0;
 106   1              timer0Num=0;
 107   1              TH1=TIMER113USTH1;
 108   1              TL1=TIMER113USTL1;
 109   1              TR1=1;
 110   1              while(timer0Num<TIMER1600USNUM);
 111   1              TR1=0;
 112   1              timer0Num=0;
 113   1      }
 114          
 115          /*
 116          *发送一整条指令函数
C51 COMPILER V9.05   IRC                                                                   08/23/2015 16:50:00 PAGE 3   

 117          */
 118          void SendInstructions(uint8 openORClose,uint8 temperature){
 119   1              uint8 i,j,temp,k=0;
 120   1              k=openORClose+(temperature-16)*2;
 121   1              SendS();
 122   1              for(i=0;i<5;i++)
 123   1              {
 124   2                      temp=GreeInstructions[k][i];
 125   2                      for(j=0;j<8;j++)
 126   2                      {
 127   3                              if((i==4)&&(j==3))
 128   3                                              break;
 129   3                              if(temp&0x01)
 130   3                                      Send1();
 131   3                              else 
 132   3                                      Send0();
 133   3                      temp=temp>>1;
 134   3                      }
 135   2              }
 136   1              SendC();
 137   1              for(i=5;i<9;i++)
 138   1              {
 139   2                      temp=GreeInstructions[k][i];
 140   2                      for(j=0;j<8;j++)
 141   2                      {
 142   3                              if(temp&0x01)
 143   3                                      Send1();
 144   3                              else 
 145   3                                      Send0();
 146   3                              temp=temp>>1;
 147   3                      }
 148   2              }
 149   1              TH1=TIMER113USTH1;
 150   1              TL1=TIMER113USTL1;
 151   1              IRFLAG=1;
 152   1              TR1=1;
 153   1              while(timer0Num<TIMER1600USNUM);
 154   1              IRFLAG=0;
 155   1              TR1=0;
 156   1              timer0Num=0;
 157   1      }       


MODULE INFORMATION:   STATIC OVERLAYABLE
   CODE SIZE        =    767    ----
   CONSTANT SIZE    =   ----    ----
   XDATA SIZE       =    295    ----
   PDATA SIZE       =     18    ----
   DATA SIZE        =     14    ----
   IDATA SIZE       =   ----    ----
   BIT SIZE         =   ----    ----
END OF MODULE INFORMATION.


C51 COMPILATION COMPLETE.  0 WARNING(S),  0 ERROR(S)
