C51 COMPILER V9.54   LED                                                                   06/27/2023 11:26:10 PAGE 1   


C51 COMPILER V9.54, COMPILATION OF MODULE LED
OBJECT MODULE PLACED IN led.OBJ
COMPILER INVOKED BY: E:\Keil_v5\C51\BIN\C51.EXE led.c OPTIMIZE(8,SPEED) BROWSE DEBUG OBJECTEXTEND TABS(2)

line level    source

   1          #include <STC15F2K60S2.H>
   2          #define uchar unsigned char
   3          #define uint unsigned int
   4          sbit led_sel = P2 ^ 3; // P2^3----E3
   5          uchar led;
   6          
   7          void Init()
   8          {
   9   1      
  10   1        P0M1 = 0x00;
  11   1        P0M0 = 0xff;
  12   1      
  13   1        P2M1 = 0x00;
  14   1        P2M0 = 0x08;
  15   1      
  16   1        led_sel = 1;
  17   1      }
  18          
  19          // 延时函数可以在STC-ISP中通过“软件延时计算器”功能自动生成指定演示时间的延时函数代码
  20          // 下为生成1ms的延时函数，通过传入参数n，函数可以延时n毫秒
  21          void delay_ms(uint n)
  22          {
  23   1        while (n)
  24   1        {
  25   2          uchar i, j;
  26   2          i = 11;
  27   2          j = 190;
  28   2          do
  29   2          {
  30   3            while (--j)
  31   3              ;
  32   3          } while (--i);
  33   2          n--;
  34   2        }
  35   1      }
  36          
  37          void Delay200ms() //@11.0592MHz
  38          {
  39   1        unsigned char i, j, k;
  40   1      
  41   1        //_nop_();
  42   1        //_nop_();
  43   1        i = 9;
  44   1        j = 104;
  45   1        k = 139;
  46   1        do
  47   1        {
  48   2          do
  49   2          {
  50   3            while (--k)
  51   3              ;
  52   3          } while (--j);
  53   2        } while (--i);
  54   1      }
  55          
C51 COMPILER V9.54   LED                                                                   06/27/2023 11:26:10 PAGE 2   

  56          void main()
  57          {
  58   1        Init();
  59   1        led = 0x01;
  60   1        while (1)
  61   1        {
  62   2          P0 = led;
  63   2          // delay_ms(200);
  64   2          Delay200ms(); // 延时200ms
  65   2          if (led == 0x80)
  66   2            led = 0x01;
  67   2          else
  68   2            led = led << 1;
  69   2        }
  70   1      }


MODULE INFORMATION:   STATIC OVERLAYABLE
   CODE SIZE        =     80    ----
   CONSTANT SIZE    =   ----    ----
   XDATA SIZE       =   ----    ----
   PDATA SIZE       =   ----    ----
   DATA SIZE        =      1       2
   IDATA SIZE       =   ----    ----
   BIT SIZE         =   ----    ----
END OF MODULE INFORMATION.


C51 COMPILATION COMPLETE.  0 WARNING(S),  0 ERROR(S)
